COMMAND: "src/ilp_doubletAware.py -SCFile data/simNo_1-n_100-m_40-s_10-minVAF_0.05-cov_10000-k_2-fn_0.15-fp_0.0001-na_0.15.SCnoisy -fn 0.166 -fp 0.000107 -o result/ilp -w 0 -kmax 2 -bulkFile data/simNo_1-n_100-m_40-s_10-minVAF_0.05-cov_10000-k_2.bulk -delta 0.05 -time 86400"
NUM_CELLS(ROWS): 100
NUM_MUTATIONS(COLUMNS): 40
FN_WEIGHT: 0.166
FP_WEIGHT: 0.000107
COLUMN_ELIMINATION_WEIGHT: 0.0
NUM_THREADS: 1
MODEL_SOLVING_TIME_SECONDS: 92.080
RUNNING_TIME_SECONDS: 116.317
IS_CONFLICT_FREE: YES
LIKELIHOOD: -366.366504028
MIP_Gap_Value: 0.000000
DOUBLET_AWARE: False
TOTAL_FLIPS_REPORTED: 675
0_1_FLIPS_REPORTED: 104
1_0_FLIPS_REPORTED: 3
2_0_FLIPS_REPORTED: 410
2_1_FLIPS_REPORTED: 158
MUTATIONS_REMOVED_UPPER_BOUND: 2
MUTATIONS_REMOVED_NUM: 2
MUTATIONS_REMOVED_ID: mut2,mut3
