COMMAND: "src/ilp_doubletAware.py -SCFile data/simNo_8-n_100-m_40-s_7-minVAF_0.05-cov_10000-k_0-fn_0.25-fp_0.0001-na_0.15.SCnoisy -fn 0.265 -fp 0.000081 -o result/ilp0 -w 0 -kmax 0 -bulkFile data/simNo_8-n_100-m_40-s_7-minVAF_0.05-cov_10000-k_0.bulk -delta 0.05 -time 86400"
NUM_CELLS(ROWS): 100
NUM_MUTATIONS(COLUMNS): 40
FN_WEIGHT: 0.265
FP_WEIGHT: 8.1e-05
COLUMN_ELIMINATION_WEIGHT: 0.0
NUM_THREADS: 1
MODEL_SOLVING_TIME_SECONDS: 1629.579
RUNNING_TIME_SECONDS: 1652.222
IS_CONFLICT_FREE: YES
LIKELIHOOD: -740.188977137
MIP_Gap_Value: 0.000000
DOUBLET_AWARE: False
TOTAL_FLIPS_REPORTED: 905
0_1_FLIPS_REPORTED: 305
1_0_FLIPS_REPORTED: 0
2_0_FLIPS_REPORTED: 354
2_1_FLIPS_REPORTED: 246
MUTATIONS_REMOVED_UPPER_BOUND: 0
MUTATIONS_REMOVED_NUM: 0
MUTATIONS_REMOVED_ID: 
