COMMAND: "src/ilp_doubletAware.py -SCFile data/simNo_2-n_100-m_40-s_4-minVAF_0.05-cov_10000-k_1-fn_0.15-fp_0.0001-na_0.15.SCnoisy -fn 0.137 -fp 0.000106 -o result/ilp -w 0 -kmax 1 -bulkFile data/simNo_2-n_100-m_40-s_4-minVAF_0.05-cov_10000-k_1.bulk -delta 0.05 -time 86400"
NUM_CELLS(ROWS): 100
NUM_MUTATIONS(COLUMNS): 40
FN_WEIGHT: 0.137
FP_WEIGHT: 0.000106
COLUMN_ELIMINATION_WEIGHT: 0.0
NUM_THREADS: 1
MODEL_SOLVING_TIME_SECONDS: 86401.069
RUNNING_TIME_SECONDS: 86426.482
IS_CONFLICT_FREE: YES
LIKELIHOOD: -898.114512554
MIP_Gap_Value: 0.016517
DOUBLET_AWARE: False
TOTAL_FLIPS_REPORTED: 890
0_1_FLIPS_REPORTED: 303
1_0_FLIPS_REPORTED: 0
2_0_FLIPS_REPORTED: 180
2_1_FLIPS_REPORTED: 407
MUTATIONS_REMOVED_UPPER_BOUND: 1
MUTATIONS_REMOVED_NUM: 1
MUTATIONS_REMOVED_ID: mut17
