COMMAND: "src/ilp_doubletAware.py -SCFile data/simNo_2-n_100-m_40-s_7-minVAF_0.05-cov_10000-k_2-fn_0.10-fp_0.0001-na_0.15.SCnoisy -fn 0.101 -fp 0.000115 -o result/ilp -w 0 -kmax 2 -bulkFile data/simNo_2-n_100-m_40-s_7-minVAF_0.05-cov_10000-k_2.bulk -delta 0.05 -time 86400"
NUM_CELLS(ROWS): 100
NUM_MUTATIONS(COLUMNS): 40
FN_WEIGHT: 0.101
FP_WEIGHT: 0.000115
COLUMN_ELIMINATION_WEIGHT: 0.0
NUM_THREADS: 1
MODEL_SOLVING_TIME_SECONDS: 89.891
RUNNING_TIME_SECONDS: 116.292
IS_CONFLICT_FREE: YES
LIKELIHOOD: -311.140941966
MIP_Gap_Value: 0.000000
DOUBLET_AWARE: False
TOTAL_FLIPS_REPORTED: 661
0_1_FLIPS_REPORTED: 90
1_0_FLIPS_REPORTED: 0
2_0_FLIPS_REPORTED: 372
2_1_FLIPS_REPORTED: 199
MUTATIONS_REMOVED_UPPER_BOUND: 2
MUTATIONS_REMOVED_NUM: 2
MUTATIONS_REMOVED_ID: mut3,mut25
