COMMAND: "src/ilp_doubletAware.py -SCFile data/simNo_7-n_100-m_40-s_7-minVAF_0.05-cov_10000-k_1-fn_0.05-fp_0.0001-na_0.15.SCnoisy -fn 0.049 -fp 0.000115 -o result/ilp -w 0 -kmax 1 -bulkFile data/simNo_7-n_100-m_40-s_7-minVAF_0.05-cov_10000-k_1.bulk -delta 0.05 -time 86400"
NUM_CELLS(ROWS): 100
NUM_MUTATIONS(COLUMNS): 40
FN_WEIGHT: 0.049
FP_WEIGHT: 0.000115
COLUMN_ELIMINATION_WEIGHT: 0.0
NUM_THREADS: 1
MODEL_SOLVING_TIME_SECONDS: 42.213
RUNNING_TIME_SECONDS: 66.635
IS_CONFLICT_FREE: YES
LIKELIHOOD: -79.9214838317
MIP_Gap_Value: 0.000000
DOUBLET_AWARE: False
TOTAL_FLIPS_REPORTED: 601
0_1_FLIPS_REPORTED: 17
1_0_FLIPS_REPORTED: 0
2_0_FLIPS_REPORTED: 497
2_1_FLIPS_REPORTED: 87
MUTATIONS_REMOVED_UPPER_BOUND: 1
MUTATIONS_REMOVED_NUM: 1
MUTATIONS_REMOVED_ID: mut0
