COMMAND: "src/ilp_doubletAware.py -SCFile data/simNo_1-n_100-m_40-s_4-minVAF_0.05-cov_10000-k_0-fn_0.10-fp_0.0001-na_0.15.SCnoisy -fn 0.114 -fp 0.000111 -o result/ilp0 -w 0 -kmax 0 -bulkFile data/simNo_1-n_100-m_40-s_4-minVAF_0.05-cov_10000-k_0.bulk -delta 0.05 -time 86400"
NUM_CELLS(ROWS): 100
NUM_MUTATIONS(COLUMNS): 40
FN_WEIGHT: 0.114
FP_WEIGHT: 0.000111
COLUMN_ELIMINATION_WEIGHT: 0.0
NUM_THREADS: 1
MODEL_SOLVING_TIME_SECONDS: 86401.235
RUNNING_TIME_SECONDS: 86423.491
IS_CONFLICT_FREE: YES
LIKELIHOOD: -610.394699028
MIP_Gap_Value: 0.032828
DOUBLET_AWARE: False
TOTAL_FLIPS_REPORTED: 773
0_1_FLIPS_REPORTED: 173
1_0_FLIPS_REPORTED: 0
2_0_FLIPS_REPORTED: 227
2_1_FLIPS_REPORTED: 373
MUTATIONS_REMOVED_UPPER_BOUND: 0
MUTATIONS_REMOVED_NUM: 0
MUTATIONS_REMOVED_ID: 
