COMMAND: "src/ilp_doubletAware.py -SCFile data/simNo_7-n_100-m_40-s_4-minVAF_0.05-cov_10000-k_2-fn_0.25-fp_0.0001-na_0.15.SCnoisy -fn 0.238 -fp 0.000104 -o result/ilp -w 0 -kmax 2 -bulkFile data/simNo_7-n_100-m_40-s_4-minVAF_0.05-cov_10000-k_2.bulk -delta 0.05 -time 86400"
NUM_CELLS(ROWS): 100
NUM_MUTATIONS(COLUMNS): 40
FN_WEIGHT: 0.238
FP_WEIGHT: 0.000104
COLUMN_ELIMINATION_WEIGHT: 0.0
NUM_THREADS: 1
MODEL_SOLVING_TIME_SECONDS: 86400.771
RUNNING_TIME_SECONDS: 86424.936
IS_CONFLICT_FREE: YES
LIKELIHOOD: -1022.44556136
MIP_Gap_Value: 0.020438
DOUBLET_AWARE: False
TOTAL_FLIPS_REPORTED: 997
0_1_FLIPS_REPORTED: 421
1_0_FLIPS_REPORTED: 1
2_0_FLIPS_REPORTED: 237
2_1_FLIPS_REPORTED: 338
MUTATIONS_REMOVED_UPPER_BOUND: 2
MUTATIONS_REMOVED_NUM: 2
MUTATIONS_REMOVED_ID: mut5,mut6
