COMMAND: "src/ilp_doubletAware.py -SCFile data/simNo_10-n_100-m_40-s_4-minVAF_0.05-cov_10000-k_0-fn_0.15-fp_0.0001-na_0.15.SCnoisy -fn 0.165 -fp 0.000105 -o result/ilp0 -w 0 -kmax 0 -bulkFile data/simNo_10-n_100-m_40-s_4-minVAF_0.05-cov_10000-k_0.bulk -delta 0.05 -time 86400"
NUM_CELLS(ROWS): 100
NUM_MUTATIONS(COLUMNS): 40
FN_WEIGHT: 0.165
FP_WEIGHT: 0.000105
COLUMN_ELIMINATION_WEIGHT: 0.0
NUM_THREADS: 1
MODEL_SOLVING_TIME_SECONDS: 24223.988
RUNNING_TIME_SECONDS: 24245.841
IS_CONFLICT_FREE: YES
LIKELIHOOD: -762.381089197
MIP_Gap_Value: 0.000000
DOUBLET_AWARE: False
TOTAL_FLIPS_REPORTED: 850
0_1_FLIPS_REPORTED: 250
1_0_FLIPS_REPORTED: 0
2_0_FLIPS_REPORTED: 256
2_1_FLIPS_REPORTED: 344
MUTATIONS_REMOVED_UPPER_BOUND: 0
MUTATIONS_REMOVED_NUM: 0
MUTATIONS_REMOVED_ID: 
