COMMAND: "src/ilp_doubletAware.py -SCFile data/simNo_7-n_100-m_40-s_10-minVAF_0.05-cov_10000-k_0-fn_0.25-fp_0.0001-na_0.15.SCnoisy -fn 0.235 -fp 0.000094 -o result/ilp0 -w 0 -kmax 0 -bulkFile data/simNo_7-n_100-m_40-s_10-minVAF_0.05-cov_10000-k_0.bulk -delta 0.05 -time 86400"
NUM_CELLS(ROWS): 100
NUM_MUTATIONS(COLUMNS): 40
FN_WEIGHT: 0.235
FP_WEIGHT: 9.4e-05
COLUMN_ELIMINATION_WEIGHT: 0.0
NUM_THREADS: 1
MODEL_SOLVING_TIME_SECONDS: 35.915
RUNNING_TIME_SECONDS: 54.301
IS_CONFLICT_FREE: YES
LIKELIHOOD: -560.95256412
MIP_Gap_Value: 0.000000
DOUBLET_AWARE: False
TOTAL_FLIPS_REPORTED: 831
0_1_FLIPS_REPORTED: 229
1_0_FLIPS_REPORTED: 2
2_0_FLIPS_REPORTED: 407
2_1_FLIPS_REPORTED: 193
MUTATIONS_REMOVED_UPPER_BOUND: 0
MUTATIONS_REMOVED_NUM: 0
MUTATIONS_REMOVED_ID: 
