COMMAND: "src/ilp_doubletAware.py -SCFile data/simNo_8-n_100-m_40-s_7-minVAF_0.05-cov_10000-k_1-fn_0.15-fp_0.0001-na_0.15.SCnoisy -fn 0.174 -fp 0.000091 -o result/ilp -w 0 -kmax 1 -bulkFile data/simNo_8-n_100-m_40-s_7-minVAF_0.05-cov_10000-k_1.bulk -delta 0.05 -time 86400"
NUM_CELLS(ROWS): 100
NUM_MUTATIONS(COLUMNS): 40
FN_WEIGHT: 0.174
FP_WEIGHT: 9.1e-05
COLUMN_ELIMINATION_WEIGHT: 0.0
NUM_THREADS: 1
MODEL_SOLVING_TIME_SECONDS: 256.702
RUNNING_TIME_SECONDS: 283.552
IS_CONFLICT_FREE: YES
LIKELIHOOD: -623.982983316
MIP_Gap_Value: 0.000000
DOUBLET_AWARE: False
TOTAL_FLIPS_REPORTED: 795
0_1_FLIPS_REPORTED: 212
1_0_FLIPS_REPORTED: 0
2_0_FLIPS_REPORTED: 341
2_1_FLIPS_REPORTED: 242
MUTATIONS_REMOVED_UPPER_BOUND: 1
MUTATIONS_REMOVED_NUM: 1
MUTATIONS_REMOVED_ID: mut33
