COMMAND: "src/ilp_doubletAware.py -SCFile data/simNo_4-n_100-m_40-s_4-minVAF_0.05-cov_10000-k_0-fn_0.25-fp_0.0001-na_0.15.SCnoisy -fn 0.272 -fp 0.000088 -o result/ilp0 -w 0 -kmax 0 -bulkFile data/simNo_4-n_100-m_40-s_4-minVAF_0.05-cov_10000-k_0.bulk -delta 0.05 -time 86400"
NUM_CELLS(ROWS): 100
NUM_MUTATIONS(COLUMNS): 40
FN_WEIGHT: 0.272
FP_WEIGHT: 8.8e-05
COLUMN_ELIMINATION_WEIGHT: 0.0
NUM_THREADS: 1
MODEL_SOLVING_TIME_SECONDS: 86400.901
RUNNING_TIME_SECONDS: 86426.964
IS_CONFLICT_FREE: YES
LIKELIHOOD: -1211.7977752
MIP_Gap_Value: 0.029929
DOUBLET_AWARE: False
TOTAL_FLIPS_REPORTED: 1103
0_1_FLIPS_REPORTED: 503
1_0_FLIPS_REPORTED: 0
2_0_FLIPS_REPORTED: 195
2_1_FLIPS_REPORTED: 405
MUTATIONS_REMOVED_UPPER_BOUND: 0
MUTATIONS_REMOVED_NUM: 0
MUTATIONS_REMOVED_ID: 
