COMMAND: "src/ilp_doubletAware.py -SCFile data/simNo_9-n_100-m_40-s_4-minVAF_0.05-cov_10000-k_1-fn_0.10-fp_0.0001-na_0.15.SCnoisy -fn 0.101 -fp 0.000101 -o result/ilp -w 0 -kmax 1 -bulkFile data/simNo_9-n_100-m_40-s_4-minVAF_0.05-cov_10000-k_1.bulk -delta 0.05 -time 86400"
NUM_CELLS(ROWS): 100
NUM_MUTATIONS(COLUMNS): 40
FN_WEIGHT: 0.101
FP_WEIGHT: 0.000101
COLUMN_ELIMINATION_WEIGHT: 0.0
NUM_THREADS: 1
MODEL_SOLVING_TIME_SECONDS: 5041.852
RUNNING_TIME_SECONDS: 5068.256
IS_CONFLICT_FREE: YES
LIKELIHOOD: -488.014649282
MIP_Gap_Value: 0.000000
DOUBLET_AWARE: False
TOTAL_FLIPS_REPORTED: 723
0_1_FLIPS_REPORTED: 138
1_0_FLIPS_REPORTED: 1
2_0_FLIPS_REPORTED: 282
2_1_FLIPS_REPORTED: 302
MUTATIONS_REMOVED_UPPER_BOUND: 1
MUTATIONS_REMOVED_NUM: 1
MUTATIONS_REMOVED_ID: mut1
