COMMAND: "src/ilp_doubletAware.py -SCFile data/simNo_10-n_100-m_40-s_10-minVAF_0.05-cov_10000-k_1-fn_0.25-fp_0.0001-na_0.15.SCnoisy -fn 0.246 -fp 0.000098 -o result/ilp -w 0 -kmax 1 -bulkFile data/simNo_10-n_100-m_40-s_10-minVAF_0.05-cov_10000-k_1.bulk -delta 0.05 -time 86400"
NUM_CELLS(ROWS): 100
NUM_MUTATIONS(COLUMNS): 40
FN_WEIGHT: 0.246
FP_WEIGHT: 9.8e-05
COLUMN_ELIMINATION_WEIGHT: 0.0
NUM_THREADS: 1
MODEL_SOLVING_TIME_SECONDS: 74.954
RUNNING_TIME_SECONDS: 97.162
IS_CONFLICT_FREE: YES
LIKELIHOOD: -594.362258264
MIP_Gap_Value: 0.000000
DOUBLET_AWARE: False
TOTAL_FLIPS_REPORTED: 823
0_1_FLIPS_REPORTED: 234
1_0_FLIPS_REPORTED: 0
2_0_FLIPS_REPORTED: 381
2_1_FLIPS_REPORTED: 208
MUTATIONS_REMOVED_UPPER_BOUND: 1
MUTATIONS_REMOVED_NUM: 1
MUTATIONS_REMOVED_ID: mut17
