COMMAND: "src/ilp_doubletAware.py -SCFile data/simNo_8-n_100-m_40-s_4-minVAF_0.05-cov_10000-k_0-fn_0.15-fp_0.0001-na_0.15.SCnoisy -fn 0.155 -fp 0.000107 -o result/ilp0 -w 0 -kmax 0 -bulkFile data/simNo_8-n_100-m_40-s_4-minVAF_0.05-cov_10000-k_0.bulk -delta 0.05 -time 86400"
NUM_CELLS(ROWS): 100
NUM_MUTATIONS(COLUMNS): 40
FN_WEIGHT: 0.155
FP_WEIGHT: 0.000107
COLUMN_ELIMINATION_WEIGHT: 0.0
NUM_THREADS: 1
MODEL_SOLVING_TIME_SECONDS: 39991.166
RUNNING_TIME_SECONDS: 40013.073
IS_CONFLICT_FREE: YES
LIKELIHOOD: -693.162961657
MIP_Gap_Value: 0.000088
DOUBLET_AWARE: False
TOTAL_FLIPS_REPORTED: 839
0_1_FLIPS_REPORTED: 239
1_0_FLIPS_REPORTED: 0
2_0_FLIPS_REPORTED: 303
2_1_FLIPS_REPORTED: 297
MUTATIONS_REMOVED_UPPER_BOUND: 0
MUTATIONS_REMOVED_NUM: 0
MUTATIONS_REMOVED_ID: 
