COMMAND: "src/ilp_doubletAware.py -SCFile data/simNo_10-n_100-m_40-s_4-minVAF_0.05-cov_10000-k_2-fn_0.15-fp_0.0001-na_0.15.SCnoisy -fn 0.160 -fp 0.000103 -o result/ilp -w 0 -kmax 2 -bulkFile data/simNo_10-n_100-m_40-s_4-minVAF_0.05-cov_10000-k_2.bulk -delta 0.05 -time 86400"
NUM_CELLS(ROWS): 100
NUM_MUTATIONS(COLUMNS): 40
FN_WEIGHT: 0.16
FP_WEIGHT: 0.000103
COLUMN_ELIMINATION_WEIGHT: 0.0
NUM_THREADS: 1
MODEL_SOLVING_TIME_SECONDS: 10784.174
RUNNING_TIME_SECONDS: 10806.390
IS_CONFLICT_FREE: YES
LIKELIHOOD: -744.312819598
MIP_Gap_Value: 0.000000
DOUBLET_AWARE: False
TOTAL_FLIPS_REPORTED: 822
0_1_FLIPS_REPORTED: 251
1_0_FLIPS_REPORTED: 0
2_0_FLIPS_REPORTED: 253
2_1_FLIPS_REPORTED: 318
MUTATIONS_REMOVED_UPPER_BOUND: 2
MUTATIONS_REMOVED_NUM: 2
MUTATIONS_REMOVED_ID: mut9,mut11
