COMMAND: "src/ilp_doubletAware.py -SCFile data/simNo_6-n_100-m_40-s_7-minVAF_0.05-cov_10000-k_2-fn_0.05-fp_0.0001-na_0.15.SCnoisy -fn 0.054 -fp 0.000094 -o result/ilp -w 0 -kmax 2 -bulkFile data/simNo_6-n_100-m_40-s_7-minVAF_0.05-cov_10000-k_2.bulk -delta 0.05 -time 86400"
NUM_CELLS(ROWS): 100
NUM_MUTATIONS(COLUMNS): 40
FN_WEIGHT: 0.054
FP_WEIGHT: 9.4e-05
COLUMN_ELIMINATION_WEIGHT: 0.0
NUM_THREADS: 1
MODEL_SOLVING_TIME_SECONDS: 75.972
RUNNING_TIME_SECONDS: 105.100
IS_CONFLICT_FREE: YES
LIKELIHOOD: -213.810724041
MIP_Gap_Value: 0.000000
DOUBLET_AWARE: False
TOTAL_FLIPS_REPORTED: 628
0_1_FLIPS_REPORTED: 52
1_0_FLIPS_REPORTED: 0
2_0_FLIPS_REPORTED: 376
2_1_FLIPS_REPORTED: 200
MUTATIONS_REMOVED_UPPER_BOUND: 2
MUTATIONS_REMOVED_NUM: 2
MUTATIONS_REMOVED_ID: mut4,mut26
