COMMAND: "src/ilp_doubletAware.py -SCFile data/simNo_10-n_100-m_40-s_10-minVAF_0.05-cov_10000-k_0-fn_0.25-fp_0.0001-na_0.15.SCnoisy -fn 0.247 -fp 0.000111 -o result/ilp0 -w 0 -kmax 0 -bulkFile data/simNo_10-n_100-m_40-s_10-minVAF_0.05-cov_10000-k_0.bulk -delta 0.05 -time 86400"
NUM_CELLS(ROWS): 100
NUM_MUTATIONS(COLUMNS): 40
FN_WEIGHT: 0.247
FP_WEIGHT: 0.000111
COLUMN_ELIMINATION_WEIGHT: 0.0
NUM_THREADS: 1
MODEL_SOLVING_TIME_SECONDS: 22.586
RUNNING_TIME_SECONDS: 42.275
IS_CONFLICT_FREE: YES
LIKELIHOOD: -637.097770869
MIP_Gap_Value: 0.000000
DOUBLET_AWARE: False
TOTAL_FLIPS_REPORTED: 870
0_1_FLIPS_REPORTED: 270
1_0_FLIPS_REPORTED: 0
2_0_FLIPS_REPORTED: 413
2_1_FLIPS_REPORTED: 187
MUTATIONS_REMOVED_UPPER_BOUND: 0
MUTATIONS_REMOVED_NUM: 0
MUTATIONS_REMOVED_ID: 
