COMMAND: "src/ilp_doubletAware.py -SCFile data/simNo_1-n_100-m_40-s_4-minVAF_0.05-cov_10000-k_2-fn_0.10-fp_0.0001-na_0.15.SCnoisy -fn 0.098 -fp 0.000093 -o result/ilp -w 0 -kmax 2 -bulkFile data/simNo_1-n_100-m_40-s_4-minVAF_0.05-cov_10000-k_2.bulk -delta 0.05 -time 86400"
NUM_CELLS(ROWS): 100
NUM_MUTATIONS(COLUMNS): 40
FN_WEIGHT: 0.098
FP_WEIGHT: 9.3e-05
COLUMN_ELIMINATION_WEIGHT: 0.0
NUM_THREADS: 1
MODEL_SOLVING_TIME_SECONDS: 86401.208
RUNNING_TIME_SECONDS: 86427.531
IS_CONFLICT_FREE: YES
LIKELIHOOD: -587.802548201
MIP_Gap_Value: 0.015806
DOUBLET_AWARE: False
TOTAL_FLIPS_REPORTED: 735
0_1_FLIPS_REPORTED: 169
1_0_FLIPS_REPORTED: 0
2_0_FLIPS_REPORTED: 212
2_1_FLIPS_REPORTED: 354
MUTATIONS_REMOVED_UPPER_BOUND: 2
MUTATIONS_REMOVED_NUM: 2
MUTATIONS_REMOVED_ID: mut35,mut38
