COMMAND: "src/ilp_doubletAware.py -SCFile data/simNo_1-n_100-m_40-s_4-minVAF_0.05-cov_10000-k_1-fn_0.25-fp_0.0001-na_0.15.SCnoisy -fn 0.218 -fp 0.000096 -o result/noISAnoVAF100hrs -time 360000"
NUM_CELLS(ROWS): 100
NUM_MUTATIONS(COLUMNS): 40
FN_WEIGHT: 0.218
FP_WEIGHT: 9.6e-05
COLUMN_ELIMINATION_WEIGHT: 0
NUM_THREADS: 1
MODEL_SOLVING_TIME_SECONDS: 360001.212
RUNNING_TIME_SECONDS: 360026.987
IS_CONFLICT_FREE: YES
LIKELIHOOD: -1141.25278073
MIP_Gap_Value: 0.014610
DOUBLET_AWARE: False
TOTAL_FLIPS_REPORTED: 1089
0_1_FLIPS_REPORTED: 488
1_0_FLIPS_REPORTED: 1
2_0_FLIPS_REPORTED: 256
2_1_FLIPS_REPORTED: 344
MUTATIONS_REMOVED_UPPER_BOUND: 0
MUTATIONS_REMOVED_NUM: 0
MUTATIONS_REMOVED_ID: 
