COMMAND: "src/ilp_doubletAware.py -SCFile data/simNo_2-n_100-m_40-s_4-minVAF_0.05-cov_10000-k_0-fn_0.25-fp_0.0001-na_0.15.SCnoisy -fn 0.226 -fp 0.000098 -o result/noISAnoVAF100hrs -time 360000"
NUM_CELLS(ROWS): 100
NUM_MUTATIONS(COLUMNS): 40
FN_WEIGHT: 0.226
FP_WEIGHT: 9.8e-05
COLUMN_ELIMINATION_WEIGHT: 0
NUM_THREADS: 1
MODEL_SOLVING_TIME_SECONDS: 172358.827
RUNNING_TIME_SECONDS: 172386.356
IS_CONFLICT_FREE: YES
LIKELIHOOD: -1254.22858015
MIP_Gap_Value: 0.000073
DOUBLET_AWARE: False
TOTAL_FLIPS_REPORTED: 1132
0_1_FLIPS_REPORTED: 532
1_0_FLIPS_REPORTED: 0
2_0_FLIPS_REPORTED: 177
2_1_FLIPS_REPORTED: 423
MUTATIONS_REMOVED_UPPER_BOUND: 0
MUTATIONS_REMOVED_NUM: 0
MUTATIONS_REMOVED_ID: 
