COMMAND: "src/ilp_doubletAware.py -SCFile data/simNo_8-n_100-m_40-s_10-minVAF_0.05-cov_10000-k_2-fn_0.10-fp_0.0001-na_0.15.SCnoisy -fn 0.092 -fp 0.000130 -o result/ilp -w 0 -kmax 2 -bulkFile data/simNo_8-n_100-m_40-s_10-minVAF_0.05-cov_10000-k_2.bulk -delta 0.05 -time 86400"
NUM_CELLS(ROWS): 100
NUM_MUTATIONS(COLUMNS): 40
FN_WEIGHT: 0.092
FP_WEIGHT: 0.00013
COLUMN_ELIMINATION_WEIGHT: 0.0
NUM_THREADS: 1
MODEL_SOLVING_TIME_SECONDS: 15.119
RUNNING_TIME_SECONDS: 34.252
IS_CONFLICT_FREE: YES
LIKELIHOOD: -305.139268669
MIP_Gap_Value: 0.000000
DOUBLET_AWARE: False
TOTAL_FLIPS_REPORTED: 660
0_1_FLIPS_REPORTED: 87
1_0_FLIPS_REPORTED: 0
2_0_FLIPS_REPORTED: 412
2_1_FLIPS_REPORTED: 161
MUTATIONS_REMOVED_UPPER_BOUND: 2
MUTATIONS_REMOVED_NUM: 2
MUTATIONS_REMOVED_ID: mut6,mut29
