COMMAND: "src/ilp_doubletAware.py -SCFile data/simNo_9-n_100-m_40-s_10-minVAF_0.05-cov_10000-k_0-fn_0.25-fp_0.0001-na_0.15.SCnoisy -fn 0.262 -fp 0.000103 -o result/ilp0 -w 0 -kmax 0 -bulkFile data/simNo_9-n_100-m_40-s_10-minVAF_0.05-cov_10000-k_0.bulk -delta 0.05 -time 86400"
NUM_CELLS(ROWS): 100
NUM_MUTATIONS(COLUMNS): 40
FN_WEIGHT: 0.262
FP_WEIGHT: 0.000103
COLUMN_ELIMINATION_WEIGHT: 0.0
NUM_THREADS: 1
MODEL_SOLVING_TIME_SECONDS: 60.232
RUNNING_TIME_SECONDS: 79.835
IS_CONFLICT_FREE: YES
LIKELIHOOD: -439.055150529
MIP_Gap_Value: 0.000000
DOUBLET_AWARE: False
TOTAL_FLIPS_REPORTED: 772
0_1_FLIPS_REPORTED: 172
1_0_FLIPS_REPORTED: 0
2_0_FLIPS_REPORTED: 461
2_1_FLIPS_REPORTED: 139
MUTATIONS_REMOVED_UPPER_BOUND: 0
MUTATIONS_REMOVED_NUM: 0
MUTATIONS_REMOVED_ID: 
