COMMAND: "src/ilp_doubletAware.py -SCFile data/simNo_5-n_100-m_40-s_10-minVAF_0.05-cov_10000-k_2-fn_0.10-fp_0.0001-na_0.15.SCnoisy -fn 0.082 -fp 0.000104 -o result/ilp -w 0 -kmax 2 -bulkFile data/simNo_5-n_100-m_40-s_10-minVAF_0.05-cov_10000-k_2.bulk -delta 0.05 -time 86400"
NUM_CELLS(ROWS): 100
NUM_MUTATIONS(COLUMNS): 40
FN_WEIGHT: 0.082
FP_WEIGHT: 0.000104
COLUMN_ELIMINATION_WEIGHT: 0.0
NUM_THREADS: 1
MODEL_SOLVING_TIME_SECONDS: 36.182
RUNNING_TIME_SECONDS: 64.248
IS_CONFLICT_FREE: YES
LIKELIHOOD: -218.183614375
MIP_Gap_Value: 0.000000
DOUBLET_AWARE: False
TOTAL_FLIPS_REPORTED: 637
0_1_FLIPS_REPORTED: 60
1_0_FLIPS_REPORTED: 1
2_0_FLIPS_REPORTED: 466
2_1_FLIPS_REPORTED: 110
MUTATIONS_REMOVED_UPPER_BOUND: 2
MUTATIONS_REMOVED_NUM: 2
MUTATIONS_REMOVED_ID: mut2,mut12
