COMMAND: "src/ilp_doubletAware.py -SCFile data/simNo_3-n_100-m_40-s_4-minVAF_0.05-cov_10000-k_1-fn_0.25-fp_0.0001-na_0.15.SCnoisy -fn 0.228 -fp 0.000102 -o result/ilpepgap -w 0 -kmax 1 -bulkFile data/simNo_3-n_100-m_40-s_4-minVAF_0.05-cov_10000-k_1.bulk -delta 0.05 -time 360000"
NUM_CELLS(ROWS): 100
NUM_MUTATIONS(COLUMNS): 40
FN_WEIGHT: 0.228
FP_WEIGHT: 0.000102
COLUMN_ELIMINATION_WEIGHT: 0.0
NUM_THREADS: 1
MODEL_SOLVING_TIME_SECONDS: 360001.120
RUNNING_TIME_SECONDS: 360034.629
IS_CONFLICT_FREE: YES
LIKELIHOOD: -811.146439212
MIP_Gap_Value: 0.017307
DOUBLET_AWARE: False
TOTAL_FLIPS_REPORTED: 926
0_1_FLIPS_REPORTED: 335
1_0_FLIPS_REPORTED: 0
2_0_FLIPS_REPORTED: 327
2_1_FLIPS_REPORTED: 264
MUTATIONS_REMOVED_UPPER_BOUND: 1
MUTATIONS_REMOVED_NUM: 1
MUTATIONS_REMOVED_ID: mut28
