COMMAND: "src/ilp_doubletAware.py -SCFile data/simNo_5-n_100-m_40-s_10-minVAF_0.05-cov_10000-k_0-fn_0.15-fp_0.0001-na_0.15.SCnoisy -fn 0.139 -fp 0.000096 -o result/ilp0 -w 0 -kmax 0 -bulkFile data/simNo_5-n_100-m_40-s_10-minVAF_0.05-cov_10000-k_0.bulk -delta 0.05 -time 86400"
NUM_CELLS(ROWS): 100
NUM_MUTATIONS(COLUMNS): 40
FN_WEIGHT: 0.139
FP_WEIGHT: 9.6e-05
COLUMN_ELIMINATION_WEIGHT: 0.0
NUM_THREADS: 1
MODEL_SOLVING_TIME_SECONDS: 34.653
RUNNING_TIME_SECONDS: 56.748
IS_CONFLICT_FREE: YES
LIKELIHOOD: -286.462927919
MIP_Gap_Value: 0.000000
DOUBLET_AWARE: False
TOTAL_FLIPS_REPORTED: 694
0_1_FLIPS_REPORTED: 94
1_0_FLIPS_REPORTED: 0
2_0_FLIPS_REPORTED: 496
2_1_FLIPS_REPORTED: 104
MUTATIONS_REMOVED_UPPER_BOUND: 0
MUTATIONS_REMOVED_NUM: 0
MUTATIONS_REMOVED_ID: 
