COMMAND: "src/ilp_doubletAware.py -SCFile data/simNo_5-n_100-m_40-s_10-minVAF_0.05-cov_10000-k_1-fn_0.25-fp_0.0001-na_0.15.SCnoisy -fn 0.268 -fp 0.000105 -o result/ilp -w 0 -kmax 1 -bulkFile data/simNo_5-n_100-m_40-s_10-minVAF_0.05-cov_10000-k_1.bulk -delta 0.05 -time 86400"
NUM_CELLS(ROWS): 100
NUM_MUTATIONS(COLUMNS): 40
FN_WEIGHT: 0.268
FP_WEIGHT: 0.000105
COLUMN_ELIMINATION_WEIGHT: 0.0
NUM_THREADS: 1
MODEL_SOLVING_TIME_SECONDS: 27.429
RUNNING_TIME_SECONDS: 48.436
IS_CONFLICT_FREE: YES
LIKELIHOOD: -402.743226733
MIP_Gap_Value: 0.000000
DOUBLET_AWARE: False
TOTAL_FLIPS_REPORTED: 759
0_1_FLIPS_REPORTED: 168
1_0_FLIPS_REPORTED: 0
2_0_FLIPS_REPORTED: 471
2_1_FLIPS_REPORTED: 120
MUTATIONS_REMOVED_UPPER_BOUND: 1
MUTATIONS_REMOVED_NUM: 1
MUTATIONS_REMOVED_ID: mut2
