COMMAND: "src/ilp_doubletAware.py -SCFile data/simNo_1-n_100-m_40-s_4-minVAF_0.05-cov_10000-k_0-fn_0.15-fp_0.0001-na_0.15.SCnoisy -fn 0.160 -fp 0.000097 -o result/ilpepgap0 -w 0 -kmax 0 -bulkFile data/simNo_1-n_100-m_40-s_4-minVAF_0.05-cov_10000-k_0.bulk -delta 0.05 -time 360000"
NUM_CELLS(ROWS): 100
NUM_MUTATIONS(COLUMNS): 40
FN_WEIGHT: 0.16
FP_WEIGHT: 9.7e-05
COLUMN_ELIMINATION_WEIGHT: 0.0
NUM_THREADS: 1
MODEL_SOLVING_TIME_SECONDS: 360000.773
RUNNING_TIME_SECONDS: 360022.352
IS_CONFLICT_FREE: YES
LIKELIHOOD: -832.668742045
MIP_Gap_Value: 0.026824
DOUBLET_AWARE: False
TOTAL_FLIPS_REPORTED: 882
0_1_FLIPS_REPORTED: 282
1_0_FLIPS_REPORTED: 0
2_0_FLIPS_REPORTED: 229
2_1_FLIPS_REPORTED: 371
MUTATIONS_REMOVED_UPPER_BOUND: 0
MUTATIONS_REMOVED_NUM: 0
MUTATIONS_REMOVED_ID: 
