COMMAND: "src/ilp_doubletAware.py -SCFile data/simNo_2-n_100-m_40-s_4-minVAF_0.05-cov_10000-k_2-fn_0.15-fp_0.0001-na_0.15.SCnoisy -fn 0.186 -fp 0.000102 -o result/ilpepgap -w 0 -kmax 2 -bulkFile data/simNo_2-n_100-m_40-s_4-minVAF_0.05-cov_10000-k_2.bulk -delta 0.05 -time 360000"
NUM_CELLS(ROWS): 100
NUM_MUTATIONS(COLUMNS): 40
FN_WEIGHT: 0.186
FP_WEIGHT: 0.000102
COLUMN_ELIMINATION_WEIGHT: 0.0
NUM_THREADS: 1
MODEL_SOLVING_TIME_SECONDS: 360001.161
RUNNING_TIME_SECONDS: 360025.290
IS_CONFLICT_FREE: YES
LIKELIHOOD: -944.975675442
MIP_Gap_Value: 0.021025
DOUBLET_AWARE: False
TOTAL_FLIPS_REPORTED: 890
0_1_FLIPS_REPORTED: 314
1_0_FLIPS_REPORTED: 0
2_0_FLIPS_REPORTED: 154
2_1_FLIPS_REPORTED: 422
MUTATIONS_REMOVED_UPPER_BOUND: 2
MUTATIONS_REMOVED_NUM: 2
MUTATIONS_REMOVED_ID: mut11,mut27
