COMMAND: "src/ilp_doubletAware.py -SCFile data/simNo_9-n_100-m_40-s_4-minVAF_0.05-cov_10000-k_2-fn_0.25-fp_0.0001-na_0.15.SCnoisy -fn 0.193 -fp 0.000094 -o result/ilpepgap -w 0 -kmax 2 -bulkFile data/simNo_9-n_100-m_40-s_4-minVAF_0.05-cov_10000-k_2.bulk -delta 0.05 -time 360000"
NUM_CELLS(ROWS): 100
NUM_MUTATIONS(COLUMNS): 40
FN_WEIGHT: 0.193
FP_WEIGHT: 9.4e-05
COLUMN_ELIMINATION_WEIGHT: 0.0
NUM_THREADS: 1
MODEL_SOLVING_TIME_SECONDS: 360001.274
RUNNING_TIME_SECONDS: 360028.560
IS_CONFLICT_FREE: YES
LIKELIHOOD: -782.693980008
MIP_Gap_Value: 0.027564
DOUBLET_AWARE: False
TOTAL_FLIPS_REPORTED: 890
0_1_FLIPS_REPORTED: 325
1_0_FLIPS_REPORTED: 0
2_0_FLIPS_REPORTED: 313
2_1_FLIPS_REPORTED: 252
MUTATIONS_REMOVED_UPPER_BOUND: 2
MUTATIONS_REMOVED_NUM: 2
MUTATIONS_REMOVED_ID: mut0,mut1
