COMMAND: "src/ilp_doubletAware.py -SCFile data/simNo_2-n_100-m_40-s_4-minVAF_0.05-cov_10000-k_0-fn_0.10-fp_0.0001-na_0.15.SCnoisy -fn 0.098 -fp 0.000103 -o result/ilpepgap0 -w 0 -kmax 0 -bulkFile data/simNo_2-n_100-m_40-s_4-minVAF_0.05-cov_10000-k_0.bulk -delta 0.05 -time 360000"
NUM_CELLS(ROWS): 100
NUM_MUTATIONS(COLUMNS): 40
FN_WEIGHT: 0.098
FP_WEIGHT: 0.000103
COLUMN_ELIMINATION_WEIGHT: 0.0
NUM_THREADS: 1
MODEL_SOLVING_TIME_SECONDS: 360000.928
RUNNING_TIME_SECONDS: 360026.611
IS_CONFLICT_FREE: YES
LIKELIHOOD: -782.219466888
MIP_Gap_Value: 0.021587
DOUBLET_AWARE: False
TOTAL_FLIPS_REPORTED: 842
0_1_FLIPS_REPORTED: 242
1_0_FLIPS_REPORTED: 0
2_0_FLIPS_REPORTED: 167
2_1_FLIPS_REPORTED: 433
MUTATIONS_REMOVED_UPPER_BOUND: 0
MUTATIONS_REMOVED_NUM: 0
MUTATIONS_REMOVED_ID: 
