COMMAND: "src/ilp_doubletAware.py -SCFile data/simNo_4-n_100-m_40-s_4-minVAF_0.05-cov_10000-k_0-fn_0.15-fp_0.0001-na_0.15.SCnoisy -fn 0.170 -fp 0.000101 -o result/ilpepgap0 -w 0 -kmax 0 -bulkFile data/simNo_4-n_100-m_40-s_4-minVAF_0.05-cov_10000-k_0.bulk -delta 0.05 -time 360000"
NUM_CELLS(ROWS): 100
NUM_MUTATIONS(COLUMNS): 40
FN_WEIGHT: 0.17
FP_WEIGHT: 0.000101
COLUMN_ELIMINATION_WEIGHT: 0.0
NUM_THREADS: 1
MODEL_SOLVING_TIME_SECONDS: 360000.824
RUNNING_TIME_SECONDS: 360028.064
IS_CONFLICT_FREE: YES
LIKELIHOOD: -942.78482605
MIP_Gap_Value: 0.025835
DOUBLET_AWARE: False
TOTAL_FLIPS_REPORTED: 924
0_1_FLIPS_REPORTED: 324
1_0_FLIPS_REPORTED: 0
2_0_FLIPS_REPORTED: 204
2_1_FLIPS_REPORTED: 396
MUTATIONS_REMOVED_UPPER_BOUND: 0
MUTATIONS_REMOVED_NUM: 0
MUTATIONS_REMOVED_ID: 
