COMMAND: "src/ilp_doubletAware.py -SCFile data/simNo_9-n_100-m_40-s_4-minVAF_0.05-cov_10000-k_2-fn_0.10-fp_0.0001-na_0.15.SCnoisy -fn 0.093 -fp 0.000095 -o result/ilp -w 0 -kmax 2 -bulkFile data/simNo_9-n_100-m_40-s_4-minVAF_0.05-cov_10000-k_2.bulk -delta 0.05 -time 86400"
NUM_CELLS(ROWS): 100
NUM_MUTATIONS(COLUMNS): 40
FN_WEIGHT: 0.093
FP_WEIGHT: 9.5e-05
COLUMN_ELIMINATION_WEIGHT: 0.0
NUM_THREADS: 1
MODEL_SOLVING_TIME_SECONDS: 23660.705
RUNNING_TIME_SECONDS: 23686.099
IS_CONFLICT_FREE: YES
LIKELIHOOD: -441.577022506
MIP_Gap_Value: 0.000000
DOUBLET_AWARE: False
TOTAL_FLIPS_REPORTED: 685
0_1_FLIPS_REPORTED: 124
1_0_FLIPS_REPORTED: 1
2_0_FLIPS_REPORTED: 313
2_1_FLIPS_REPORTED: 247
MUTATIONS_REMOVED_UPPER_BOUND: 2
MUTATIONS_REMOVED_NUM: 2
MUTATIONS_REMOVED_ID: mut1,mut8
