COMMAND: "src/ilp_doubletAware.py -SCFile data/simNo_3-n_100-m_40-s_4-minVAF_0.05-cov_10000-k_2-fn_0.25-fp_0.0001-na_0.15.SCnoisy -fn 0.281 -fp 0.000119 -o result/ilpepgap -w 0 -kmax 2 -bulkFile data/simNo_3-n_100-m_40-s_4-minVAF_0.05-cov_10000-k_2.bulk -delta 0.05 -time 360000"
NUM_CELLS(ROWS): 100
NUM_MUTATIONS(COLUMNS): 40
FN_WEIGHT: 0.281
FP_WEIGHT: 0.000119
COLUMN_ELIMINATION_WEIGHT: 0.0
NUM_THREADS: 1
MODEL_SOLVING_TIME_SECONDS: 360001.048
RUNNING_TIME_SECONDS: 360032.267
IS_CONFLICT_FREE: YES
LIKELIHOOD: -810.26109085
MIP_Gap_Value: 0.026690
DOUBLET_AWARE: False
TOTAL_FLIPS_REPORTED: 899
0_1_FLIPS_REPORTED: 332
1_0_FLIPS_REPORTED: 0
2_0_FLIPS_REPORTED: 302
2_1_FLIPS_REPORTED: 265
MUTATIONS_REMOVED_UPPER_BOUND: 2
MUTATIONS_REMOVED_NUM: 2
MUTATIONS_REMOVED_ID: mut3,mut12
