COMMAND: "src/ilp_doubletAware.py -SCFile data/simNo_8-n_100-m_40-s_4-minVAF_0.05-cov_10000-k_1-fn_0.10-fp_0.0001-na_0.15.SCnoisy -fn 0.116 -fp 0.000111 -o result/ilp -w 0 -kmax 1 -bulkFile data/simNo_8-n_100-m_40-s_4-minVAF_0.05-cov_10000-k_1.bulk -delta 0.05 -time 86400"
NUM_CELLS(ROWS): 100
NUM_MUTATIONS(COLUMNS): 40
FN_WEIGHT: 0.116
FP_WEIGHT: 0.000111
COLUMN_ELIMINATION_WEIGHT: 0.0
NUM_THREADS: 1
MODEL_SOLVING_TIME_SECONDS: 7693.673
RUNNING_TIME_SECONDS: 7720.547
IS_CONFLICT_FREE: YES
LIKELIHOOD: -492.010104347
MIP_Gap_Value: 0.000000
DOUBLET_AWARE: False
TOTAL_FLIPS_REPORTED: 724
0_1_FLIPS_REPORTED: 136
1_0_FLIPS_REPORTED: 1
2_0_FLIPS_REPORTED: 281
2_1_FLIPS_REPORTED: 306
MUTATIONS_REMOVED_UPPER_BOUND: 1
MUTATIONS_REMOVED_NUM: 1
MUTATIONS_REMOVED_ID: mut9
