COMMAND: "src/ilp_doubletAware.py -SCFile data/simNo_10-n_100-m_40-s_4-minVAF_0.05-cov_10000-k_1-fn_0.15-fp_0.0001-na_0.15.SCnoisy -fn 0.143 -fp 0.000100 -o result/ilpepgap -w 0 -kmax 1 -bulkFile data/simNo_10-n_100-m_40-s_4-minVAF_0.05-cov_10000-k_1.bulk -delta 0.05 -time 360000"
NUM_CELLS(ROWS): 100
NUM_MUTATIONS(COLUMNS): 40
FN_WEIGHT: 0.143
FP_WEIGHT: 0.0001
COLUMN_ELIMINATION_WEIGHT: 0.0
NUM_THREADS: 1
MODEL_SOLVING_TIME_SECONDS: 360001.194
RUNNING_TIME_SECONDS: 360031.333
IS_CONFLICT_FREE: YES
LIKELIHOOD: -725.100066456
MIP_Gap_Value: 0.039724
DOUBLET_AWARE: False
TOTAL_FLIPS_REPORTED: 830
0_1_FLIPS_REPORTED: 245
1_0_FLIPS_REPORTED: 0
2_0_FLIPS_REPORTED: 290
2_1_FLIPS_REPORTED: 295
MUTATIONS_REMOVED_UPPER_BOUND: 1
MUTATIONS_REMOVED_NUM: 1
MUTATIONS_REMOVED_ID: mut10
