COMMAND: "src/ilp_doubletAware.py -SCFile data/simNo_3-n_100-m_40-s_7-minVAF_0.05-cov_10000-k_2-fn_0.15-fp_0.0001-na_0.15.SCnoisy -fn 0.130 -fp 0.000084 -o result/ilp -w 0 -kmax 2 -bulkFile data/simNo_3-n_100-m_40-s_7-minVAF_0.05-cov_10000-k_2.bulk -delta 0.05 -time 86400"
NUM_CELLS(ROWS): 100
NUM_MUTATIONS(COLUMNS): 40
FN_WEIGHT: 0.13
FP_WEIGHT: 8.4e-05
COLUMN_ELIMINATION_WEIGHT: 0.0
NUM_THREADS: 1
MODEL_SOLVING_TIME_SECONDS: 182.441
RUNNING_TIME_SECONDS: 203.109
IS_CONFLICT_FREE: YES
LIKELIHOOD: -328.981290383
MIP_Gap_Value: 0.000000
DOUBLET_AWARE: False
TOTAL_FLIPS_REPORTED: 681
0_1_FLIPS_REPORTED: 106
1_0_FLIPS_REPORTED: 0
2_0_FLIPS_REPORTED: 420
2_1_FLIPS_REPORTED: 155
MUTATIONS_REMOVED_UPPER_BOUND: 2
MUTATIONS_REMOVED_NUM: 2
MUTATIONS_REMOVED_ID: mut5,mut27
