COMMAND: "src/ilp_doubletAware.py -SCFile data/simNo_3-n_100-m_40-s_4-minVAF_0.05-cov_10000-k_2-fn_0.25-fp_0.0001-na_0.15.SCnoisy -fn 0.281 -fp 0.000119 -o result/noISAnoVAF -time 86400"
NUM_CELLS(ROWS): 100
NUM_MUTATIONS(COLUMNS): 40
FN_WEIGHT: 0.281
FP_WEIGHT: 0.000119
COLUMN_ELIMINATION_WEIGHT: 0
NUM_THREADS: 1
MODEL_SOLVING_TIME_SECONDS: 32156.746
RUNNING_TIME_SECONDS: 32183.666
IS_CONFLICT_FREE: YES
LIKELIHOOD: -904.943158547
MIP_Gap_Value: 0.000091
DOUBLET_AWARE: False
TOTAL_FLIPS_REPORTED: 978
0_1_FLIPS_REPORTED: 378
1_0_FLIPS_REPORTED: 0
2_0_FLIPS_REPORTED: 308
2_1_FLIPS_REPORTED: 292
MUTATIONS_REMOVED_UPPER_BOUND: 0
MUTATIONS_REMOVED_NUM: 0
MUTATIONS_REMOVED_ID: 
