COMMAND: "src/ilp_doubletAware.py -SCFile data/simNo_9-n_100-m_40-s_10-minVAF_0.05-cov_10000-k_2-fn_0.25-fp_0.0001-na_0.15.SCnoisy -fn 0.225 -fp 0.000106 -o result/noISAnoVAF -time 86400"
NUM_CELLS(ROWS): 100
NUM_MUTATIONS(COLUMNS): 40
FN_WEIGHT: 0.225
FP_WEIGHT: 0.000106
COLUMN_ELIMINATION_WEIGHT: 0
NUM_THREADS: 1
MODEL_SOLVING_TIME_SECONDS: 60.964
RUNNING_TIME_SECONDS: 90.868
IS_CONFLICT_FREE: YES
LIKELIHOOD: -375.510115904
MIP_Gap_Value: 0.000000
DOUBLET_AWARE: False
TOTAL_FLIPS_REPORTED: 748
0_1_FLIPS_REPORTED: 148
1_0_FLIPS_REPORTED: 0
2_0_FLIPS_REPORTED: 485
2_1_FLIPS_REPORTED: 115
MUTATIONS_REMOVED_UPPER_BOUND: 0
MUTATIONS_REMOVED_NUM: 0
MUTATIONS_REMOVED_ID: 
