COMMAND: "src/ilp_doubletAware.py -SCFile data/simNo_9-n_100-m_40-s_7-minVAF_0.05-cov_10000-k_2-fn_0.10-fp_0.0001-na_0.15.SCnoisy -fn 0.087 -fp 0.000099 -o result/noISAnoVAF -time 86400"
NUM_CELLS(ROWS): 100
NUM_MUTATIONS(COLUMNS): 40
FN_WEIGHT: 0.087
FP_WEIGHT: 9.9e-05
COLUMN_ELIMINATION_WEIGHT: 0
NUM_THREADS: 1
MODEL_SOLVING_TIME_SECONDS: 42.235
RUNNING_TIME_SECONDS: 69.522
IS_CONFLICT_FREE: YES
LIKELIHOOD: -272.737655367
MIP_Gap_Value: 0.000000
DOUBLET_AWARE: False
TOTAL_FLIPS_REPORTED: 683
0_1_FLIPS_REPORTED: 83
1_0_FLIPS_REPORTED: 0
2_0_FLIPS_REPORTED: 449
2_1_FLIPS_REPORTED: 151
MUTATIONS_REMOVED_UPPER_BOUND: 0
MUTATIONS_REMOVED_NUM: 0
MUTATIONS_REMOVED_ID: 
