COMMAND: "src/ilp_doubletAware.py -SCFile data/simNo_1-n_100-m_40-s_4-minVAF_0.05-cov_10000-k_1-fn_0.25-fp_0.0001-na_0.15.SCnoisy -fn 0.218 -fp 0.000096 -o result/noISAnoVAF -time 86400"
NUM_CELLS(ROWS): 100
NUM_MUTATIONS(COLUMNS): 40
FN_WEIGHT: 0.218
FP_WEIGHT: 9.6e-05
COLUMN_ELIMINATION_WEIGHT: 0
NUM_THREADS: 1
MODEL_SOLVING_TIME_SECONDS: 86400.647
RUNNING_TIME_SECONDS: 86427.663
IS_CONFLICT_FREE: YES
LIKELIHOOD: -1141.25277938
MIP_Gap_Value: 0.027569
DOUBLET_AWARE: False
TOTAL_FLIPS_REPORTED: 1089
0_1_FLIPS_REPORTED: 488
1_0_FLIPS_REPORTED: 1
2_0_FLIPS_REPORTED: 251
2_1_FLIPS_REPORTED: 349
MUTATIONS_REMOVED_UPPER_BOUND: 0
MUTATIONS_REMOVED_NUM: 0
MUTATIONS_REMOVED_ID: 
