COMMAND: "src/ilp_doubletAware.py -SCFile data/simNo_4-n_100-m_40-s_10-minVAF_0.05-cov_10000-k_2-fn_0.15-fp_0.0001-na_0.15.SCnoisy -fn 0.157 -fp 0.000093 -o result/noISAnoVAF -time 86400"
NUM_CELLS(ROWS): 100
NUM_MUTATIONS(COLUMNS): 40
FN_WEIGHT: 0.157
FP_WEIGHT: 9.3e-05
COLUMN_ELIMINATION_WEIGHT: 0
NUM_THREADS: 1
MODEL_SOLVING_TIME_SECONDS: 28.174
RUNNING_TIME_SECONDS: 58.361
IS_CONFLICT_FREE: YES
LIKELIHOOD: -158.788237332
MIP_Gap_Value: 0.000000
DOUBLET_AWARE: False
TOTAL_FLIPS_REPORTED: 653
0_1_FLIPS_REPORTED: 52
1_0_FLIPS_REPORTED: 1
2_0_FLIPS_REPORTED: 543
2_1_FLIPS_REPORTED: 57
MUTATIONS_REMOVED_UPPER_BOUND: 0
MUTATIONS_REMOVED_NUM: 0
MUTATIONS_REMOVED_ID: 
