COMMAND: "src/ilp_doubletAware.py -SCFile data/simNo_8-n_100-m_40-s_7-minVAF_0.05-cov_10000-k_0-fn_0.05-fp_0.0001-na_0.15.SCnoisy -fn 0.051 -fp 0.000103 -o result/noISAnoVAF -time 86400"
NUM_CELLS(ROWS): 100
NUM_MUTATIONS(COLUMNS): 40
FN_WEIGHT: 0.051
FP_WEIGHT: 0.000103
COLUMN_ELIMINATION_WEIGHT: 0
NUM_THREADS: 1
MODEL_SOLVING_TIME_SECONDS: 35.958
RUNNING_TIME_SECONDS: 62.689
IS_CONFLICT_FREE: YES
LIKELIHOOD: -271.617624673
MIP_Gap_Value: 0.000000
DOUBLET_AWARE: False
TOTAL_FLIPS_REPORTED: 667
0_1_FLIPS_REPORTED: 67
1_0_FLIPS_REPORTED: 0
2_0_FLIPS_REPORTED: 352
2_1_FLIPS_REPORTED: 248
MUTATIONS_REMOVED_UPPER_BOUND: 0
MUTATIONS_REMOVED_NUM: 0
MUTATIONS_REMOVED_ID: 
