COMMAND: "src/ilp_doubletAware.py -SCFile data/simNo_4-n_100-m_40-s_7-minVAF_0.05-cov_10000-k_2-fn_0.15-fp_0.0001-na_0.15.SCnoisy -fn 0.115 -fp 0.000090 -o result/noISAnoVAF -time 86400"
NUM_CELLS(ROWS): 100
NUM_MUTATIONS(COLUMNS): 40
FN_WEIGHT: 0.115
FP_WEIGHT: 9e-05
COLUMN_ELIMINATION_WEIGHT: 0
NUM_THREADS: 1
MODEL_SOLVING_TIME_SECONDS: 108.481
RUNNING_TIME_SECONDS: 135.969
IS_CONFLICT_FREE: YES
LIKELIHOOD: -343.492132859
MIP_Gap_Value: 0.000000
DOUBLET_AWARE: False
TOTAL_FLIPS_REPORTED: 692
0_1_FLIPS_REPORTED: 83
1_0_FLIPS_REPORTED: 9
2_0_FLIPS_REPORTED: 482
2_1_FLIPS_REPORTED: 118
MUTATIONS_REMOVED_UPPER_BOUND: 0
MUTATIONS_REMOVED_NUM: 0
MUTATIONS_REMOVED_ID: 
