COMMAND: "src/ilp_doubletAware.py -SCFile data/simNo_4-n_100-m_40-s_7-minVAF_0.05-cov_10000-k_0-fn_0.10-fp_0.0001-na_0.15.SCnoisy -fn 0.110 -fp 0.000085 -o result/noISAnoVAF -time 86400"
NUM_CELLS(ROWS): 100
NUM_MUTATIONS(COLUMNS): 40
FN_WEIGHT: 0.11
FP_WEIGHT: 8.5e-05
COLUMN_ELIMINATION_WEIGHT: 0
NUM_THREADS: 1
MODEL_SOLVING_TIME_SECONDS: 53.172
RUNNING_TIME_SECONDS: 79.837
IS_CONFLICT_FREE: YES
LIKELIHOOD: -185.546444414
MIP_Gap_Value: 0.000000
DOUBLET_AWARE: False
TOTAL_FLIPS_REPORTED: 646
0_1_FLIPS_REPORTED: 46
1_0_FLIPS_REPORTED: 0
2_0_FLIPS_REPORTED: 472
2_1_FLIPS_REPORTED: 128
MUTATIONS_REMOVED_UPPER_BOUND: 0
MUTATIONS_REMOVED_NUM: 0
MUTATIONS_REMOVED_ID: 
