COMMAND: "src/ilp_doubletAware.py -SCFile data/simNo_9-n_100-m_40-s_7-minVAF_0.05-cov_10000-k_1-fn_0.25-fp_0.0001-na_0.15.SCnoisy -fn 0.253 -fp 0.000106 -o result/noISAnoVAF -time 86400"
NUM_CELLS(ROWS): 100
NUM_MUTATIONS(COLUMNS): 40
FN_WEIGHT: 0.253
FP_WEIGHT: 0.000106
COLUMN_ELIMINATION_WEIGHT: 0
NUM_THREADS: 1
MODEL_SOLVING_TIME_SECONDS: 62.935
RUNNING_TIME_SECONDS: 89.600
IS_CONFLICT_FREE: YES
LIKELIHOOD: -411.564205062
MIP_Gap_Value: 0.000000
DOUBLET_AWARE: False
TOTAL_FLIPS_REPORTED: 756
0_1_FLIPS_REPORTED: 156
1_0_FLIPS_REPORTED: 0
2_0_FLIPS_REPORTED: 469
2_1_FLIPS_REPORTED: 131
MUTATIONS_REMOVED_UPPER_BOUND: 0
MUTATIONS_REMOVED_NUM: 0
MUTATIONS_REMOVED_ID: 
