COMMAND: "src/ilp_doubletAware.py -SCFile data/simNo_7-n_100-m_40-s_4-minVAF_0.05-cov_10000-k_2-fn_0.25-fp_0.0001-na_0.15.SCnoisy -fn 0.238 -fp 0.000104 -o result/noISAnoVAF -time 86400"
NUM_CELLS(ROWS): 100
NUM_MUTATIONS(COLUMNS): 40
FN_WEIGHT: 0.238
FP_WEIGHT: 0.000104
COLUMN_ELIMINATION_WEIGHT: 0
NUM_THREADS: 1
MODEL_SOLVING_TIME_SECONDS: 1152.459
RUNNING_TIME_SECONDS: 1178.931
IS_CONFLICT_FREE: YES
LIKELIHOOD: -1120.0447405
MIP_Gap_Value: 0.000000
DOUBLET_AWARE: False
TOTAL_FLIPS_REPORTED: 1072
0_1_FLIPS_REPORTED: 471
1_0_FLIPS_REPORTED: 1
2_0_FLIPS_REPORTED: 243
2_1_FLIPS_REPORTED: 357
MUTATIONS_REMOVED_UPPER_BOUND: 0
MUTATIONS_REMOVED_NUM: 0
MUTATIONS_REMOVED_ID: 
