COMMAND: "src/ilp_doubletAware.py -SCFile data/simNo_10-n_100-m_40-s_4-minVAF_0.05-cov_10000-k_2-fn_0.05-fp_0.0001-na_0.15.SCnoisy -fn 0.042 -fp 0.000104 -o result/noISAnoVAF -time 86400"
NUM_CELLS(ROWS): 100
NUM_MUTATIONS(COLUMNS): 40
FN_WEIGHT: 0.042
FP_WEIGHT: 0.000104
COLUMN_ELIMINATION_WEIGHT: 0
NUM_THREADS: 1
MODEL_SOLVING_TIME_SECONDS: 211.545
RUNNING_TIME_SECONDS: 238.944
IS_CONFLICT_FREE: YES
LIKELIHOOD: -461.305072767
MIP_Gap_Value: 0.000000
DOUBLET_AWARE: False
TOTAL_FLIPS_REPORTED: 719
0_1_FLIPS_REPORTED: 119
1_0_FLIPS_REPORTED: 0
2_0_FLIPS_REPORTED: 246
2_1_FLIPS_REPORTED: 354
MUTATIONS_REMOVED_UPPER_BOUND: 0
MUTATIONS_REMOVED_NUM: 0
MUTATIONS_REMOVED_ID: 
