COMMAND: "src/ilp_doubletAware.py -SCFile data/simNo_5-n_100-m_40-s_4-minVAF_0.05-cov_10000-k_2-fn_0.15-fp_0.0001-na_0.15.SCnoisy -fn 0.135 -fp 0.000086 -o result/noISAnoVAF -time 86400"
NUM_CELLS(ROWS): 100
NUM_MUTATIONS(COLUMNS): 40
FN_WEIGHT: 0.135
FP_WEIGHT: 8.6e-05
COLUMN_ELIMINATION_WEIGHT: 0
NUM_THREADS: 1
MODEL_SOLVING_TIME_SECONDS: 826.634
RUNNING_TIME_SECONDS: 854.068
IS_CONFLICT_FREE: YES
LIKELIHOOD: -395.897154024
MIP_Gap_Value: 0.000000
DOUBLET_AWARE: False
TOTAL_FLIPS_REPORTED: 733
0_1_FLIPS_REPORTED: 133
1_0_FLIPS_REPORTED: 0
2_0_FLIPS_REPORTED: 424
2_1_FLIPS_REPORTED: 176
MUTATIONS_REMOVED_UPPER_BOUND: 0
MUTATIONS_REMOVED_NUM: 0
MUTATIONS_REMOVED_ID: 
