COMMAND: "src/ilp_doubletAware.py -SCFile data/simNo_2-n_100-m_40-s_10-minVAF_0.05-cov_10000-k_2-fn_0.25-fp_0.0001-na_0.15.SCnoisy -fn 0.238 -fp 0.000110 -o result/noISAnoVAF -time 86400"
NUM_CELLS(ROWS): 100
NUM_MUTATIONS(COLUMNS): 40
FN_WEIGHT: 0.238
FP_WEIGHT: 0.00011
COLUMN_ELIMINATION_WEIGHT: 0
NUM_THREADS: 1
MODEL_SOLVING_TIME_SECONDS: 58.397
RUNNING_TIME_SECONDS: 85.751
IS_CONFLICT_FREE: YES
LIKELIHOOD: -450.510218951
MIP_Gap_Value: 0.000000
DOUBLET_AWARE: False
TOTAL_FLIPS_REPORTED: 773
0_1_FLIPS_REPORTED: 170
1_0_FLIPS_REPORTED: 3
2_0_FLIPS_REPORTED: 460
2_1_FLIPS_REPORTED: 140
MUTATIONS_REMOVED_UPPER_BOUND: 0
MUTATIONS_REMOVED_NUM: 0
MUTATIONS_REMOVED_ID: 
