COMMAND: "src/ilp_doubletAware.py -SCFile data/simNo_7-n_100-m_40-s_10-minVAF_0.05-cov_10000-k_2-fn_0.15-fp_0.0001-na_0.15.SCnoisy -fn 0.109 -fp 0.000116 -o result/noISAnoVAF -time 86400"
NUM_CELLS(ROWS): 100
NUM_MUTATIONS(COLUMNS): 40
FN_WEIGHT: 0.109
FP_WEIGHT: 0.000116
COLUMN_ELIMINATION_WEIGHT: 0
NUM_THREADS: 1
MODEL_SOLVING_TIME_SECONDS: 10.421
RUNNING_TIME_SECONDS: 37.228
IS_CONFLICT_FREE: YES
LIKELIHOOD: -480.144249624
MIP_Gap_Value: 0.000000
DOUBLET_AWARE: False
TOTAL_FLIPS_REPORTED: 749
0_1_FLIPS_REPORTED: 144
1_0_FLIPS_REPORTED: 5
2_0_FLIPS_REPORTED: 424
2_1_FLIPS_REPORTED: 176
MUTATIONS_REMOVED_UPPER_BOUND: 0
MUTATIONS_REMOVED_NUM: 0
MUTATIONS_REMOVED_ID: 
