COMMAND: "src/ilp_doubletAware.py -SCFile data/simNo_8-n_100-m_40-s_10-minVAF_0.05-cov_10000-k_1-fn_0.15-fp_0.0001-na_0.15.SCnoisy -fn 0.141 -fp 0.000081 -o result/noISAnoVAF -time 86400"
NUM_CELLS(ROWS): 100
NUM_MUTATIONS(COLUMNS): 40
FN_WEIGHT: 0.141
FP_WEIGHT: 8.1e-05
COLUMN_ELIMINATION_WEIGHT: 0
NUM_THREADS: 1
MODEL_SOLVING_TIME_SECONDS: 20.111
RUNNING_TIME_SECONDS: 49.876
IS_CONFLICT_FREE: YES
LIKELIHOOD: -547.256954832
MIP_Gap_Value: 0.000000
DOUBLET_AWARE: False
TOTAL_FLIPS_REPORTED: 773
0_1_FLIPS_REPORTED: 166
1_0_FLIPS_REPORTED: 7
2_0_FLIPS_REPORTED: 405
2_1_FLIPS_REPORTED: 195
MUTATIONS_REMOVED_UPPER_BOUND: 0
MUTATIONS_REMOVED_NUM: 0
MUTATIONS_REMOVED_ID: 
