COMMAND: "src/ilp_doubletAware.py -SCFile data/simNo_7-n_100-m_40-s_4-minVAF_0.05-cov_10000-k_0-fn_0.15-fp_0.0001-na_0.15.SCnoisy -fn 0.141 -fp 0.000088 -o result/noISAnoVAF -time 86400"
NUM_CELLS(ROWS): 100
NUM_MUTATIONS(COLUMNS): 40
FN_WEIGHT: 0.141
FP_WEIGHT: 8.8e-05
COLUMN_ELIMINATION_WEIGHT: 0
NUM_THREADS: 1
MODEL_SOLVING_TIME_SECONDS: 1298.917
RUNNING_TIME_SECONDS: 1326.461
IS_CONFLICT_FREE: YES
LIKELIHOOD: -846.979705576
MIP_Gap_Value: 0.000000
DOUBLET_AWARE: False
TOTAL_FLIPS_REPORTED: 889
0_1_FLIPS_REPORTED: 289
1_0_FLIPS_REPORTED: 0
2_0_FLIPS_REPORTED: 229
2_1_FLIPS_REPORTED: 371
MUTATIONS_REMOVED_UPPER_BOUND: 0
MUTATIONS_REMOVED_NUM: 0
MUTATIONS_REMOVED_ID: 
