COMMAND: "src/ilp_doubletAware.py -SCFile data/simNo_4-n_100-m_40-s_10-minVAF_0.05-cov_10000-k_2-fn_0.05-fp_0.0001-na_0.15.SCnoisy -fn 0.047 -fp 0.000086 -o result/noISAnoVAF -time 86400"
NUM_CELLS(ROWS): 100
NUM_MUTATIONS(COLUMNS): 40
FN_WEIGHT: 0.047
FP_WEIGHT: 8.6e-05
COLUMN_ELIMINATION_WEIGHT: 0
NUM_THREADS: 1
MODEL_SOLVING_TIME_SECONDS: 15.137
RUNNING_TIME_SECONDS: 41.648
IS_CONFLICT_FREE: YES
LIKELIHOOD: -141.985582295
MIP_Gap_Value: 0.000000
DOUBLET_AWARE: False
TOTAL_FLIPS_REPORTED: 639
0_1_FLIPS_REPORTED: 38
1_0_FLIPS_REPORTED: 1
2_0_FLIPS_REPORTED: 558
2_1_FLIPS_REPORTED: 42
MUTATIONS_REMOVED_UPPER_BOUND: 0
MUTATIONS_REMOVED_NUM: 0
MUTATIONS_REMOVED_ID: 
