COMMAND: "src/ilp_doubletAware.py -SCFile data/simNo_8-n_100-m_40-s_4-minVAF_0.05-cov_10000-k_0-fn_0.10-fp_0.0001-na_0.15.SCnoisy -fn 0.113 -fp 0.000092 -o result/noISAnoVAF -time 86400"
NUM_CELLS(ROWS): 100
NUM_MUTATIONS(COLUMNS): 40
FN_WEIGHT: 0.113
FP_WEIGHT: 9.2e-05
COLUMN_ELIMINATION_WEIGHT: 0
NUM_THREADS: 1
MODEL_SOLVING_TIME_SECONDS: 501.201
RUNNING_TIME_SECONDS: 531.490
IS_CONFLICT_FREE: YES
LIKELIHOOD: -529.389231764
MIP_Gap_Value: 0.000000
DOUBLET_AWARE: False
TOTAL_FLIPS_REPORTED: 756
0_1_FLIPS_REPORTED: 156
1_0_FLIPS_REPORTED: 0
2_0_FLIPS_REPORTED: 322
2_1_FLIPS_REPORTED: 278
MUTATIONS_REMOVED_UPPER_BOUND: 0
MUTATIONS_REMOVED_NUM: 0
MUTATIONS_REMOVED_ID: 
