COMMAND: "src/ilp_doubletAware.py -SCFile data/simNo_9-n_100-m_40-s_10-minVAF_0.05-cov_10000-k_2-fn_0.10-fp_0.0001-na_0.15.SCnoisy -fn 0.104 -fp 0.000116 -o result/noISAnoVAF -time 86400"
NUM_CELLS(ROWS): 100
NUM_MUTATIONS(COLUMNS): 40
FN_WEIGHT: 0.104
FP_WEIGHT: 0.000116
COLUMN_ELIMINATION_WEIGHT: 0
NUM_THREADS: 1
MODEL_SOLVING_TIME_SECONDS: 42.652
RUNNING_TIME_SECONDS: 68.999
IS_CONFLICT_FREE: YES
LIKELIHOOD: -256.707710191
MIP_Gap_Value: 0.000000
DOUBLET_AWARE: False
TOTAL_FLIPS_REPORTED: 680
0_1_FLIPS_REPORTED: 80
1_0_FLIPS_REPORTED: 0
2_0_FLIPS_REPORTED: 463
2_1_FLIPS_REPORTED: 137
MUTATIONS_REMOVED_UPPER_BOUND: 0
MUTATIONS_REMOVED_NUM: 0
MUTATIONS_REMOVED_ID: 
