COMMAND: "src/ilp_doubletAware.py -SCFile data/simNo_6-n_100-m_40-s_10-minVAF_0.05-cov_10000-k_1-fn_0.25-fp_0.0001-na_0.15.SCnoisy -fn 0.248 -fp 0.000125 -o result/noISAnoVAF -time 86400"
NUM_CELLS(ROWS): 100
NUM_MUTATIONS(COLUMNS): 40
FN_WEIGHT: 0.248
FP_WEIGHT: 0.000125
COLUMN_ELIMINATION_WEIGHT: 0
NUM_THREADS: 1
MODEL_SOLVING_TIME_SECONDS: 31.404
RUNNING_TIME_SECONDS: 57.950
IS_CONFLICT_FREE: YES
LIKELIHOOD: -720.397500681
MIP_Gap_Value: 0.000000
DOUBLET_AWARE: False
TOTAL_FLIPS_REPORTED: 887
0_1_FLIPS_REPORTED: 286
1_0_FLIPS_REPORTED: 1
2_0_FLIPS_REPORTED: 342
2_1_FLIPS_REPORTED: 258
MUTATIONS_REMOVED_UPPER_BOUND: 0
MUTATIONS_REMOVED_NUM: 0
MUTATIONS_REMOVED_ID: 
