COMMAND: "src/ilp_doubletAware.py -SCFile data/simNo_10-n_100-m_40-s_4-minVAF_0.05-cov_10000-k_2-fn_0.15-fp_0.0001-na_0.15.SCnoisy -fn 0.160 -fp 0.000103 -o result/noISAnoVAF -time 86400"
NUM_CELLS(ROWS): 100
NUM_MUTATIONS(COLUMNS): 40
FN_WEIGHT: 0.16
FP_WEIGHT: 0.000103
COLUMN_ELIMINATION_WEIGHT: 0
NUM_THREADS: 1
MODEL_SOLVING_TIME_SECONDS: 3033.472
RUNNING_TIME_SECONDS: 3060.053
IS_CONFLICT_FREE: YES
LIKELIHOOD: -853.115169589
MIP_Gap_Value: 0.000091
DOUBLET_AWARE: False
TOTAL_FLIPS_REPORTED: 900
0_1_FLIPS_REPORTED: 300
1_0_FLIPS_REPORTED: 0
2_0_FLIPS_REPORTED: 248
2_1_FLIPS_REPORTED: 352
MUTATIONS_REMOVED_UPPER_BOUND: 0
MUTATIONS_REMOVED_NUM: 0
MUTATIONS_REMOVED_ID: 
