COMMAND: "src/ilp_doubletAware.py -SCFile data/simNo_8-n_100-m_40-s_7-minVAF_0.05-cov_10000-k_1-fn_0.25-fp_0.0001-na_0.15.SCnoisy -fn 0.243 -fp 0.000102 -o result/noISAnoVAF -time 86400"
NUM_CELLS(ROWS): 100
NUM_MUTATIONS(COLUMNS): 40
FN_WEIGHT: 0.243
FP_WEIGHT: 0.000102
COLUMN_ELIMINATION_WEIGHT: 0
NUM_THREADS: 1
MODEL_SOLVING_TIME_SECONDS: 204.503
RUNNING_TIME_SECONDS: 231.439
IS_CONFLICT_FREE: YES
LIKELIHOOD: -834.140367442
MIP_Gap_Value: 0.000000
DOUBLET_AWARE: False
TOTAL_FLIPS_REPORTED: 939
0_1_FLIPS_REPORTED: 338
1_0_FLIPS_REPORTED: 1
2_0_FLIPS_REPORTED: 336
2_1_FLIPS_REPORTED: 264
MUTATIONS_REMOVED_UPPER_BOUND: 0
MUTATIONS_REMOVED_NUM: 0
MUTATIONS_REMOVED_ID: 
