COMMAND: "src/ilp_doubletAware.py -SCFile data/simNo_3-n_100-m_40-s_10-minVAF_0.05-cov_10000-k_0-fn_0.10-fp_0.0001-na_0.15.SCnoisy -fn 0.096 -fp 0.000094 -o result/noISAnoVAF -time 86400"
NUM_CELLS(ROWS): 100
NUM_MUTATIONS(COLUMNS): 40
FN_WEIGHT: 0.096
FP_WEIGHT: 9.4e-05
COLUMN_ELIMINATION_WEIGHT: 0
NUM_THREADS: 1
MODEL_SOLVING_TIME_SECONDS: 42.789
RUNNING_TIME_SECONDS: 69.493
IS_CONFLICT_FREE: YES
LIKELIHOOD: -380.993444559
MIP_Gap_Value: 0.000000
DOUBLET_AWARE: False
TOTAL_FLIPS_REPORTED: 708
0_1_FLIPS_REPORTED: 106
1_0_FLIPS_REPORTED: 2
2_0_FLIPS_REPORTED: 401
2_1_FLIPS_REPORTED: 199
MUTATIONS_REMOVED_UPPER_BOUND: 0
MUTATIONS_REMOVED_NUM: 0
MUTATIONS_REMOVED_ID: 
