COMMAND: "src/ilp_doubletAware.py -SCFile data/simNo_9-n_100-m_40-s_4-minVAF_0.05-cov_10000-k_0-fn_0.25-fp_0.0001-na_0.15.SCnoisy -fn 0.213 -fp 0.000099 -o result/noISAnoVAF -time 86400"
NUM_CELLS(ROWS): 100
NUM_MUTATIONS(COLUMNS): 40
FN_WEIGHT: 0.213
FP_WEIGHT: 9.9e-05
COLUMN_ELIMINATION_WEIGHT: 0
NUM_THREADS: 1
MODEL_SOLVING_TIME_SECONDS: 2872.285
RUNNING_TIME_SECONDS: 2899.285
IS_CONFLICT_FREE: YES
LIKELIHOOD: -966.653780003
MIP_Gap_Value: 0.000000
DOUBLET_AWARE: False
TOTAL_FLIPS_REPORTED: 1001
0_1_FLIPS_REPORTED: 400
1_0_FLIPS_REPORTED: 1
2_0_FLIPS_REPORTED: 287
2_1_FLIPS_REPORTED: 313
MUTATIONS_REMOVED_UPPER_BOUND: 0
MUTATIONS_REMOVED_NUM: 0
MUTATIONS_REMOVED_ID: 
