COMMAND: "src/ilp_doubletAware.py -SCFile data/simNo_5-n_100-m_40-s_10-minVAF_0.05-cov_10000-k_1-fn_0.25-fp_0.0001-na_0.15.SCnoisy -fn 0.268 -fp 0.000105 -o result/noISAnoVAF -time 86400"
NUM_CELLS(ROWS): 100
NUM_MUTATIONS(COLUMNS): 40
FN_WEIGHT: 0.268
FP_WEIGHT: 0.000105
COLUMN_ELIMINATION_WEIGHT: 0
NUM_THREADS: 1
MODEL_SOLVING_TIME_SECONDS: 10.965
RUNNING_TIME_SECONDS: 40.019
IS_CONFLICT_FREE: YES
LIKELIHOOD: -434.319730975
MIP_Gap_Value: 0.000000
DOUBLET_AWARE: False
TOTAL_FLIPS_REPORTED: 778
0_1_FLIPS_REPORTED: 178
1_0_FLIPS_REPORTED: 0
2_0_FLIPS_REPORTED: 479
2_1_FLIPS_REPORTED: 121
MUTATIONS_REMOVED_UPPER_BOUND: 0
MUTATIONS_REMOVED_NUM: 0
MUTATIONS_REMOVED_ID: 
