COMMAND: "src/ilp_doubletAware.py -SCFile data/simNo_6-n_100-m_40-s_10-minVAF_0.05-cov_10000-k_2-fn_0.15-fp_0.0001-na_0.15.SCnoisy -fn 0.158 -fp 0.000092 -o result/noISAnoVAF -time 86400"
NUM_CELLS(ROWS): 100
NUM_MUTATIONS(COLUMNS): 40
FN_WEIGHT: 0.158
FP_WEIGHT: 9.2e-05
COLUMN_ELIMINATION_WEIGHT: 0
NUM_THREADS: 1
MODEL_SOLVING_TIME_SECONDS: 25.300
RUNNING_TIME_SECONDS: 52.902
IS_CONFLICT_FREE: YES
LIKELIHOOD: -533.321689044
MIP_Gap_Value: 0.000000
DOUBLET_AWARE: False
TOTAL_FLIPS_REPORTED: 777
0_1_FLIPS_REPORTED: 177
1_0_FLIPS_REPORTED: 0
2_0_FLIPS_REPORTED: 375
2_1_FLIPS_REPORTED: 225
MUTATIONS_REMOVED_UPPER_BOUND: 0
MUTATIONS_REMOVED_NUM: 0
MUTATIONS_REMOVED_ID: 
