COMMAND: "src/ilp_doubletAware.py -SCFile data/simNo_4-n_100-m_40-s_4-minVAF_0.05-cov_10000-k_0-fn_0.25-fp_0.0001-na_0.15.SCnoisy -fn 0.272 -fp 0.000088 -o result/noISAnoVAF -time 86400"
NUM_CELLS(ROWS): 100
NUM_MUTATIONS(COLUMNS): 40
FN_WEIGHT: 0.272
FP_WEIGHT: 8.8e-05
COLUMN_ELIMINATION_WEIGHT: 0
NUM_THREADS: 1
MODEL_SOLVING_TIME_SECONDS: 82686.609
RUNNING_TIME_SECONDS: 82716.485
IS_CONFLICT_FREE: YES
LIKELIHOOD: -1210.49590954
MIP_Gap_Value: 0.000090
DOUBLET_AWARE: False
TOTAL_FLIPS_REPORTED: 1102
0_1_FLIPS_REPORTED: 502
1_0_FLIPS_REPORTED: 0
2_0_FLIPS_REPORTED: 197
2_1_FLIPS_REPORTED: 403
MUTATIONS_REMOVED_UPPER_BOUND: 0
MUTATIONS_REMOVED_NUM: 0
MUTATIONS_REMOVED_ID: 
