COMMAND: "src/ilp_doubletAware.py -SCFile data/simNo_5-n_100-m_40-s_7-minVAF_0.05-cov_10000-k_2-fn_0.10-fp_0.0001-na_0.15.SCnoisy -fn 0.099 -fp 0.000093 -o result/noISAnoVAF -time 86400"
NUM_CELLS(ROWS): 100
NUM_MUTATIONS(COLUMNS): 40
FN_WEIGHT: 0.099
FP_WEIGHT: 9.3e-05
COLUMN_ELIMINATION_WEIGHT: 0
NUM_THREADS: 1
MODEL_SOLVING_TIME_SECONDS: 60.118
RUNNING_TIME_SECONDS: 88.474
IS_CONFLICT_FREE: YES
LIKELIHOOD: -208.623276285
MIP_Gap_Value: 0.000000
DOUBLET_AWARE: False
TOTAL_FLIPS_REPORTED: 654
0_1_FLIPS_REPORTED: 54
1_0_FLIPS_REPORTED: 0
2_0_FLIPS_REPORTED: 451
2_1_FLIPS_REPORTED: 149
MUTATIONS_REMOVED_UPPER_BOUND: 0
MUTATIONS_REMOVED_NUM: 0
MUTATIONS_REMOVED_ID: 
