COMMAND: "src/ilp_doubletAware.py -SCFile data/simNo_1-n_100-m_40-s_10-minVAF_0.05-cov_10000-k_1-fn_0.05-fp_0.0001-na_0.15.SCnoisy -fn 0.043 -fp 0.000097 -o result/noISAnoVAF -time 86400"
NUM_CELLS(ROWS): 100
NUM_MUTATIONS(COLUMNS): 40
FN_WEIGHT: 0.043
FP_WEIGHT: 9.7e-05
COLUMN_ELIMINATION_WEIGHT: 0
NUM_THREADS: 1
MODEL_SOLVING_TIME_SECONDS: 20.706
RUNNING_TIME_SECONDS: 48.031
IS_CONFLICT_FREE: YES
LIKELIHOOD: -264.700393197
MIP_Gap_Value: 0.000000
DOUBLET_AWARE: False
TOTAL_FLIPS_REPORTED: 653
0_1_FLIPS_REPORTED: 45
1_0_FLIPS_REPORTED: 8
2_0_FLIPS_REPORTED: 411
2_1_FLIPS_REPORTED: 189
MUTATIONS_REMOVED_UPPER_BOUND: 0
MUTATIONS_REMOVED_NUM: 0
MUTATIONS_REMOVED_ID: 
