COMMAND: "src/ilp_doubletAware.py -SCFile data/simNo_8-n_100-m_40-s_4-minVAF_0.05-cov_10000-k_2-fn_0.15-fp_0.0001-na_0.15.SCnoisy -fn 0.155 -fp 0.000099 -o result/noISAnoVAF -time 86400"
NUM_CELLS(ROWS): 100
NUM_MUTATIONS(COLUMNS): 40
FN_WEIGHT: 0.155
FP_WEIGHT: 9.9e-05
COLUMN_ELIMINATION_WEIGHT: 0
NUM_THREADS: 1
MODEL_SOLVING_TIME_SECONDS: 333.611
RUNNING_TIME_SECONDS: 360.336
IS_CONFLICT_FREE: YES
LIKELIHOOD: -678.239455353
MIP_Gap_Value: 0.000000
DOUBLET_AWARE: False
TOTAL_FLIPS_REPORTED: 822
0_1_FLIPS_REPORTED: 221
1_0_FLIPS_REPORTED: 1
2_0_FLIPS_REPORTED: 292
2_1_FLIPS_REPORTED: 308
MUTATIONS_REMOVED_UPPER_BOUND: 0
MUTATIONS_REMOVED_NUM: 0
MUTATIONS_REMOVED_ID: 
