COMMAND: "src/ilp_doubletAware.py -SCFile data/simNo_3-n_100-m_40-s_10-minVAF_0.05-cov_10000-k_1-fn_0.10-fp_0.0001-na_0.15.SCnoisy -fn 0.111 -fp 0.000104 -o result/noISAnoVAF -time 86400"
NUM_CELLS(ROWS): 100
NUM_MUTATIONS(COLUMNS): 40
FN_WEIGHT: 0.111
FP_WEIGHT: 0.000104
COLUMN_ELIMINATION_WEIGHT: 0
NUM_THREADS: 1
MODEL_SOLVING_TIME_SECONDS: 24.743
RUNNING_TIME_SECONDS: 51.028
IS_CONFLICT_FREE: YES
LIKELIHOOD: -377.052229294
MIP_Gap_Value: 0.000000
DOUBLET_AWARE: False
TOTAL_FLIPS_REPORTED: 708
0_1_FLIPS_REPORTED: 108
1_0_FLIPS_REPORTED: 0
2_0_FLIPS_REPORTED: 370
2_1_FLIPS_REPORTED: 230
MUTATIONS_REMOVED_UPPER_BOUND: 0
MUTATIONS_REMOVED_NUM: 0
MUTATIONS_REMOVED_ID: 
