COMMAND: "src/ilp_doubletAware.py -SCFile data/simNo_8-n_100-m_40-s_10-minVAF_0.05-cov_10000-k_0-fn_0.10-fp_0.0001-na_0.15.SCnoisy -fn 0.119 -fp 0.000107 -o result/noISAnoVAF -time 86400"
NUM_CELLS(ROWS): 100
NUM_MUTATIONS(COLUMNS): 40
FN_WEIGHT: 0.119
FP_WEIGHT: 0.000107
COLUMN_ELIMINATION_WEIGHT: 0
NUM_THREADS: 1
MODEL_SOLVING_TIME_SECONDS: 12.884
RUNNING_TIME_SECONDS: 39.485
IS_CONFLICT_FREE: YES
LIKELIHOOD: -335.217155747
MIP_Gap_Value: 0.000000
DOUBLET_AWARE: False
TOTAL_FLIPS_REPORTED: 696
0_1_FLIPS_REPORTED: 96
1_0_FLIPS_REPORTED: 0
2_0_FLIPS_REPORTED: 403
2_1_FLIPS_REPORTED: 197
MUTATIONS_REMOVED_UPPER_BOUND: 0
MUTATIONS_REMOVED_NUM: 0
MUTATIONS_REMOVED_ID: 
