COMMAND: "src/ilp_doubletAware.py -SCFile data/simNo_3-n_100-m_40-s_7-minVAF_0.05-cov_10000-k_2-fn_0.10-fp_0.0001-na_0.15.SCnoisy -fn 0.096 -fp 0.000100 -o result/noISAnoVAF -time 86400"
NUM_CELLS(ROWS): 100
NUM_MUTATIONS(COLUMNS): 40
FN_WEIGHT: 0.096
FP_WEIGHT: 0.0001
COLUMN_ELIMINATION_WEIGHT: 0
NUM_THREADS: 1
MODEL_SOLVING_TIME_SECONDS: 30.117
RUNNING_TIME_SECONDS: 57.052
IS_CONFLICT_FREE: YES
LIKELIHOOD: -320.828259232
MIP_Gap_Value: 0.000000
DOUBLET_AWARE: False
TOTAL_FLIPS_REPORTED: 698
0_1_FLIPS_REPORTED: 98
1_0_FLIPS_REPORTED: 0
2_0_FLIPS_REPORTED: 430
2_1_FLIPS_REPORTED: 170
MUTATIONS_REMOVED_UPPER_BOUND: 0
MUTATIONS_REMOVED_NUM: 0
MUTATIONS_REMOVED_ID: 
