COMMAND: "src/ilp_doubletAware.py -SCFile data/simNo_10-n_100-m_40-s_4-minVAF_0.05-cov_10000-k_1-fn_0.10-fp_0.0001-na_0.15.SCnoisy -fn 0.080 -fp 0.000115 -o result/noISAnoVAF -time 86400"
NUM_CELLS(ROWS): 100
NUM_MUTATIONS(COLUMNS): 40
FN_WEIGHT: 0.08
FP_WEIGHT: 0.000115
COLUMN_ELIMINATION_WEIGHT: 0
NUM_THREADS: 1
MODEL_SOLVING_TIME_SECONDS: 233.563
RUNNING_TIME_SECONDS: 260.210
IS_CONFLICT_FREE: YES
LIKELIHOOD: -599.242091633
MIP_Gap_Value: 0.000000
DOUBLET_AWARE: False
TOTAL_FLIPS_REPORTED: 776
0_1_FLIPS_REPORTED: 175
1_0_FLIPS_REPORTED: 1
2_0_FLIPS_REPORTED: 281
2_1_FLIPS_REPORTED: 319
MUTATIONS_REMOVED_UPPER_BOUND: 0
MUTATIONS_REMOVED_NUM: 0
MUTATIONS_REMOVED_ID: 
