COMMAND: "src/ilp_doubletAware.py -SCFile data/simNo_10-n_100-m_40-s_7-minVAF_0.05-cov_10000-k_2-fn_0.15-fp_0.0001-na_0.15.SCnoisy -fn 0.162 -fp 0.000101 -o result/noISAnoVAF -time 86400"
NUM_CELLS(ROWS): 100
NUM_MUTATIONS(COLUMNS): 40
FN_WEIGHT: 0.162
FP_WEIGHT: 0.000101
COLUMN_ELIMINATION_WEIGHT: 0
NUM_THREADS: 1
MODEL_SOLVING_TIME_SECONDS: 27.020
RUNNING_TIME_SECONDS: 56.042
IS_CONFLICT_FREE: YES
LIKELIHOOD: -368.637926712
MIP_Gap_Value: 0.000000
DOUBLET_AWARE: False
TOTAL_FLIPS_REPORTED: 709
0_1_FLIPS_REPORTED: 104
1_0_FLIPS_REPORTED: 5
2_0_FLIPS_REPORTED: 466
2_1_FLIPS_REPORTED: 134
MUTATIONS_REMOVED_UPPER_BOUND: 0
MUTATIONS_REMOVED_NUM: 0
MUTATIONS_REMOVED_ID: 
