COMMAND: "src/ilp_doubletAware.py -SCFile data/simNo_2-n_100-m_40-s_10-minVAF_0.05-cov_10000-k_2-fn_0.15-fp_0.0001-na_0.15.SCnoisy -fn 0.169 -fp 0.000095 -o result/noISAnoVAF -time 86400"
NUM_CELLS(ROWS): 100
NUM_MUTATIONS(COLUMNS): 40
FN_WEIGHT: 0.169
FP_WEIGHT: 9.5e-05
COLUMN_ELIMINATION_WEIGHT: 0
NUM_THREADS: 1
MODEL_SOLVING_TIME_SECONDS: 32.729
RUNNING_TIME_SECONDS: 61.981
IS_CONFLICT_FREE: YES
LIKELIHOOD: -369.030161395
MIP_Gap_Value: 0.000000
DOUBLET_AWARE: False
TOTAL_FLIPS_REPORTED: 719
0_1_FLIPS_REPORTED: 116
1_0_FLIPS_REPORTED: 3
2_0_FLIPS_REPORTED: 454
2_1_FLIPS_REPORTED: 146
MUTATIONS_REMOVED_UPPER_BOUND: 0
MUTATIONS_REMOVED_NUM: 0
MUTATIONS_REMOVED_ID: 
