COMMAND: "src/ilp_doubletAware.py -SCFile data/simNo_8-n_100-m_40-s_7-minVAF_0.05-cov_10000-k_2-fn_0.25-fp_0.0001-na_0.15.SCnoisy -fn 0.270 -fp 0.000112 -o result/noISAnoVAF -time 86400"
NUM_CELLS(ROWS): 100
NUM_MUTATIONS(COLUMNS): 40
FN_WEIGHT: 0.27
FP_WEIGHT: 0.000112
COLUMN_ELIMINATION_WEIGHT: 0
NUM_THREADS: 1
MODEL_SOLVING_TIME_SECONDS: 290.090
RUNNING_TIME_SECONDS: 319.925
IS_CONFLICT_FREE: YES
LIKELIHOOD: -750.638116629
MIP_Gap_Value: 0.000000
DOUBLET_AWARE: False
TOTAL_FLIPS_REPORTED: 916
0_1_FLIPS_REPORTED: 315
1_0_FLIPS_REPORTED: 1
2_0_FLIPS_REPORTED: 358
2_1_FLIPS_REPORTED: 242
MUTATIONS_REMOVED_UPPER_BOUND: 0
MUTATIONS_REMOVED_NUM: 0
MUTATIONS_REMOVED_ID: 
