COMMAND: "src/ilp_doubletAware.py -SCFile data/simNo_2-n_100-m_40-s_7-minVAF_0.05-cov_10000-k_2-fn_0.05-fp_0.0001-na_0.15.SCnoisy -fn 0.046 -fp 0.000091 -o result/noISAnoVAF -time 86400"
NUM_CELLS(ROWS): 100
NUM_MUTATIONS(COLUMNS): 40
FN_WEIGHT: 0.046
FP_WEIGHT: 9.1e-05
COLUMN_ELIMINATION_WEIGHT: 0
NUM_THREADS: 1
MODEL_SOLVING_TIME_SECONDS: 20.082
RUNNING_TIME_SECONDS: 47.467
IS_CONFLICT_FREE: YES
LIKELIHOOD: -237.996483146
MIP_Gap_Value: 0.000000
DOUBLET_AWARE: False
TOTAL_FLIPS_REPORTED: 659
0_1_FLIPS_REPORTED: 59
1_0_FLIPS_REPORTED: 0
2_0_FLIPS_REPORTED: 393
2_1_FLIPS_REPORTED: 207
MUTATIONS_REMOVED_UPPER_BOUND: 0
MUTATIONS_REMOVED_NUM: 0
MUTATIONS_REMOVED_ID: 
