COMMAND: "src/ilp_doubletAware.py -SCFile data/simNo_3-n_100-m_40-s_7-minVAF_0.05-cov_10000-k_2-fn_0.25-fp_0.0001-na_0.15.SCnoisy -fn 0.243 -fp 0.000103 -o result/noISAnoVAF -time 86400"
NUM_CELLS(ROWS): 100
NUM_MUTATIONS(COLUMNS): 40
FN_WEIGHT: 0.243
FP_WEIGHT: 0.000103
COLUMN_ELIMINATION_WEIGHT: 0
NUM_THREADS: 1
MODEL_SOLVING_TIME_SECONDS: 133.589
RUNNING_TIME_SECONDS: 163.043
IS_CONFLICT_FREE: YES
LIKELIHOOD: -508.960239248
MIP_Gap_Value: 0.000000
DOUBLET_AWARE: False
TOTAL_FLIPS_REPORTED: 812
0_1_FLIPS_REPORTED: 212
1_0_FLIPS_REPORTED: 0
2_0_FLIPS_REPORTED: 428
2_1_FLIPS_REPORTED: 172
MUTATIONS_REMOVED_UPPER_BOUND: 0
MUTATIONS_REMOVED_NUM: 0
MUTATIONS_REMOVED_ID: 
