COMMAND: "src/ilp_doubletAware.py -SCFile data/simNo_5-n_100-m_40-s_10-minVAF_0.05-cov_10000-k_2-fn_0.05-fp_0.0001-na_0.15.SCnoisy -fn 0.051 -fp 0.000094 -o result/noISAnoVAF -time 86400"
NUM_CELLS(ROWS): 100
NUM_MUTATIONS(COLUMNS): 40
FN_WEIGHT: 0.051
FP_WEIGHT: 9.4e-05
COLUMN_ELIMINATION_WEIGHT: 0
NUM_THREADS: 1
MODEL_SOLVING_TIME_SECONDS: 28.067
RUNNING_TIME_SECONDS: 54.495
IS_CONFLICT_FREE: YES
LIKELIHOOD: -173.319626406
MIP_Gap_Value: 0.000000
DOUBLET_AWARE: False
TOTAL_FLIPS_REPORTED: 644
0_1_FLIPS_REPORTED: 44
1_0_FLIPS_REPORTED: 0
2_0_FLIPS_REPORTED: 439
2_1_FLIPS_REPORTED: 161
MUTATIONS_REMOVED_UPPER_BOUND: 0
MUTATIONS_REMOVED_NUM: 0
MUTATIONS_REMOVED_ID: 
