COMMAND: "src/ilp_doubletAware.py -SCFile data/simNo_5-n_100-m_40-s_4-minVAF_0.05-cov_10000-k_1-fn_0.15-fp_0.0001-na_0.15.SCnoisy -fn 0.164 -fp 0.000089 -o result/noISAnoVAF -time 86400"
NUM_CELLS(ROWS): 100
NUM_MUTATIONS(COLUMNS): 40
FN_WEIGHT: 0.164
FP_WEIGHT: 8.9e-05
COLUMN_ELIMINATION_WEIGHT: 0
NUM_THREADS: 1
MODEL_SOLVING_TIME_SECONDS: 1570.643
RUNNING_TIME_SECONDS: 1598.867
IS_CONFLICT_FREE: YES
LIKELIHOOD: -376.241462158
MIP_Gap_Value: 0.000000
DOUBLET_AWARE: False
TOTAL_FLIPS_REPORTED: 721
0_1_FLIPS_REPORTED: 121
1_0_FLIPS_REPORTED: 0
2_0_FLIPS_REPORTED: 421
2_1_FLIPS_REPORTED: 179
MUTATIONS_REMOVED_UPPER_BOUND: 0
MUTATIONS_REMOVED_NUM: 0
MUTATIONS_REMOVED_ID: 
