COMMAND: "src/ilp_doubletAware.py -SCFile data/simNo_10-n_100-m_40-s_10-minVAF_0.05-cov_10000-k_2-fn_0.15-fp_0.0001-na_0.15.SCnoisy -fn 0.124 -fp 0.000109 -o result/noISAnoVAF -time 86400"
NUM_CELLS(ROWS): 100
NUM_MUTATIONS(COLUMNS): 40
FN_WEIGHT: 0.124
FP_WEIGHT: 0.000109
COLUMN_ELIMINATION_WEIGHT: 0
NUM_THREADS: 1
MODEL_SOLVING_TIME_SECONDS: 61.561
RUNNING_TIME_SECONDS: 88.391
IS_CONFLICT_FREE: YES
LIKELIHOOD: -495.54277547
MIP_Gap_Value: 0.000000
DOUBLET_AWARE: False
TOTAL_FLIPS_REPORTED: 771
0_1_FLIPS_REPORTED: 171
1_0_FLIPS_REPORTED: 0
2_0_FLIPS_REPORTED: 403
2_1_FLIPS_REPORTED: 197
MUTATIONS_REMOVED_UPPER_BOUND: 0
MUTATIONS_REMOVED_NUM: 0
MUTATIONS_REMOVED_ID: 
