COMMAND: "src/ilp_doubletAware.py -SCFile data/simNo_1-n_100-m_40-s_4-minVAF_0.05-cov_10000-k_0-fn_0.05-fp_0.0001-na_0.15.SCnoisy -fn 0.049 -fp 0.000094 -o result/noISAnoVAF -time 86400"
NUM_CELLS(ROWS): 100
NUM_MUTATIONS(COLUMNS): 40
FN_WEIGHT: 0.049
FP_WEIGHT: 9.4e-05
COLUMN_ELIMINATION_WEIGHT: 0
NUM_THREADS: 1
MODEL_SOLVING_TIME_SECONDS: 382.559
RUNNING_TIME_SECONDS: 409.158
IS_CONFLICT_FREE: YES
LIKELIHOOD: -433.710521194
MIP_Gap_Value: 0.000000
DOUBLET_AWARE: False
TOTAL_FLIPS_REPORTED: 710
0_1_FLIPS_REPORTED: 110
1_0_FLIPS_REPORTED: 0
2_0_FLIPS_REPORTED: 236
2_1_FLIPS_REPORTED: 364
MUTATIONS_REMOVED_UPPER_BOUND: 0
MUTATIONS_REMOVED_NUM: 0
MUTATIONS_REMOVED_ID: 
