COMMAND: "src/ilp_doubletAware.py -SCFile data/simNo_3-n_100-m_40-s_4-minVAF_0.05-cov_10000-k_0-fn_0.25-fp_0.0001-na_0.15.SCnoisy -fn 0.249 -fp 0.000108 -o result/noISAnoVAF -time 86400"
NUM_CELLS(ROWS): 100
NUM_MUTATIONS(COLUMNS): 40
FN_WEIGHT: 0.249
FP_WEIGHT: 0.000108
COLUMN_ELIMINATION_WEIGHT: 0
NUM_THREADS: 1
MODEL_SOLVING_TIME_SECONDS: 46019.127
RUNNING_TIME_SECONDS: 46046.042
IS_CONFLICT_FREE: YES
LIKELIHOOD: -829.199912367
MIP_Gap_Value: 0.000077
DOUBLET_AWARE: False
TOTAL_FLIPS_REPORTED: 938
0_1_FLIPS_REPORTED: 338
1_0_FLIPS_REPORTED: 0
2_0_FLIPS_REPORTED: 306
2_1_FLIPS_REPORTED: 294
MUTATIONS_REMOVED_UPPER_BOUND: 0
MUTATIONS_REMOVED_NUM: 0
MUTATIONS_REMOVED_ID: 
