COMMAND: "src/ilp_doubletAware.py -SCFile data/simNo_9-n_100-m_40-s_4-minVAF_0.05-cov_10000-k_0-fn_0.05-fp_0.0001-na_0.15.SCnoisy -fn 0.047 -fp 0.000094 -o result/noISAnoVAF -time 86400"
NUM_CELLS(ROWS): 100
NUM_MUTATIONS(COLUMNS): 40
FN_WEIGHT: 0.047
FP_WEIGHT: 9.4e-05
COLUMN_ELIMINATION_WEIGHT: 0
NUM_THREADS: 1
MODEL_SOLVING_TIME_SECONDS: 362.927
RUNNING_TIME_SECONDS: 390.164
IS_CONFLICT_FREE: YES
LIKELIHOOD: -343.345952954
MIP_Gap_Value: 0.000000
DOUBLET_AWARE: False
TOTAL_FLIPS_REPORTED: 684
0_1_FLIPS_REPORTED: 84
1_0_FLIPS_REPORTED: 0
2_0_FLIPS_REPORTED: 288
2_1_FLIPS_REPORTED: 312
MUTATIONS_REMOVED_UPPER_BOUND: 0
MUTATIONS_REMOVED_NUM: 0
MUTATIONS_REMOVED_ID: 
