COMMAND: "src/ilp_doubletAware.py -SCFile data/simNo_10-n_100-m_40-s_10-minVAF_0.05-cov_10000-k_0-fn_0.10-fp_0.0001-na_0.15.SCnoisy -fn 0.091 -fp 0.000109 -o result/noISAnoVAF -time 86400"
NUM_CELLS(ROWS): 100
NUM_MUTATIONS(COLUMNS): 40
FN_WEIGHT: 0.091
FP_WEIGHT: 0.000109
COLUMN_ELIMINATION_WEIGHT: 0
NUM_THREADS: 1
MODEL_SOLVING_TIME_SECONDS: 39.660
RUNNING_TIME_SECONDS: 66.445
IS_CONFLICT_FREE: YES
LIKELIHOOD: -383.896290118
MIP_Gap_Value: 0.000000
DOUBLET_AWARE: False
TOTAL_FLIPS_REPORTED: 716
0_1_FLIPS_REPORTED: 116
1_0_FLIPS_REPORTED: 0
2_0_FLIPS_REPORTED: 390
2_1_FLIPS_REPORTED: 210
MUTATIONS_REMOVED_UPPER_BOUND: 0
MUTATIONS_REMOVED_NUM: 0
MUTATIONS_REMOVED_ID: 
