COMMAND: "src/ilp_doubletAware.py -SCFile data/simNo_6-n_100-m_40-s_10-minVAF_0.05-cov_10000-k_1-fn_0.15-fp_0.0001-na_0.15.SCnoisy -fn 0.152 -fp 0.000112 -o result/withISAnoVAF -w 0 -kmax 1 -time 86400"
NUM_CELLS(ROWS): 100
NUM_MUTATIONS(COLUMNS): 40
FN_WEIGHT: 0.152
FP_WEIGHT: 0.000112
COLUMN_ELIMINATION_WEIGHT: 0.0
NUM_THREADS: 1
MODEL_SOLVING_TIME_SECONDS: 122.739
RUNNING_TIME_SECONDS: 162.644
IS_CONFLICT_FREE: YES
LIKELIHOOD: -515.52528009
MIP_Gap_Value: 0.000000
DOUBLET_AWARE: False
TOTAL_FLIPS_REPORTED: 754
0_1_FLIPS_REPORTED: 170
1_0_FLIPS_REPORTED: 0
2_0_FLIPS_REPORTED: 368
2_1_FLIPS_REPORTED: 216
MUTATIONS_REMOVED_UPPER_BOUND: 1
MUTATIONS_REMOVED_NUM: 1
MUTATIONS_REMOVED_ID: mut3
