COMMAND: "src/ilp_doubletAware.py -SCFile data/simNo_6-n_100-m_40-s_10-minVAF_0.05-cov_10000-k_2-fn_0.05-fp_0.0001-na_0.15.SCnoisy -fn 0.056 -fp 0.000103 -o result/withISAnoVAF -w 0 -kmax 2 -time 86400"
NUM_CELLS(ROWS): 100
NUM_MUTATIONS(COLUMNS): 40
FN_WEIGHT: 0.056
FP_WEIGHT: 0.000103
COLUMN_ELIMINATION_WEIGHT: 0.0
NUM_THREADS: 1
MODEL_SOLVING_TIME_SECONDS: 15.491
RUNNING_TIME_SECONDS: 46.979
IS_CONFLICT_FREE: YES
LIKELIHOOD: -195.259878948
MIP_Gap_Value: 0.000000
DOUBLET_AWARE: False
TOTAL_FLIPS_REPORTED: 603
0_1_FLIPS_REPORTED: 43
1_0_FLIPS_REPORTED: 0
2_0_FLIPS_REPORTED: 363
2_1_FLIPS_REPORTED: 197
MUTATIONS_REMOVED_UPPER_BOUND: 2
MUTATIONS_REMOVED_NUM: 2
MUTATIONS_REMOVED_ID: mut8,mut25
