COMMAND: "src/ilp_doubletAware.py -SCFile data/simNo_1-n_100-m_40-s_7-minVAF_0.05-cov_10000-k_2-fn_0.25-fp_0.0001-na_0.15.SCnoisy -fn 0.265 -fp 0.000091 -o result/withISAnoVAF -w 0 -kmax 2 -time 86400"
NUM_CELLS(ROWS): 100
NUM_MUTATIONS(COLUMNS): 40
FN_WEIGHT: 0.265
FP_WEIGHT: 9.1e-05
COLUMN_ELIMINATION_WEIGHT: 0.0
NUM_THREADS: 1
MODEL_SOLVING_TIME_SECONDS: 184.269
RUNNING_TIME_SECONDS: 222.958
IS_CONFLICT_FREE: YES
LIKELIHOOD: -879.440120055
MIP_Gap_Value: 0.000037
DOUBLET_AWARE: False
TOTAL_FLIPS_REPORTED: 930
0_1_FLIPS_REPORTED: 354
1_0_FLIPS_REPORTED: 0
2_0_FLIPS_REPORTED: 302
2_1_FLIPS_REPORTED: 274
MUTATIONS_REMOVED_UPPER_BOUND: 2
MUTATIONS_REMOVED_NUM: 2
MUTATIONS_REMOVED_ID: mut1,mut34
