COMMAND: "src/ilp_doubletAware.py -SCFile data/simNo_8-n_100-m_40-s_4-minVAF_0.05-cov_10000-k_2-fn_0.25-fp_0.0001-na_0.15.SCnoisy -fn 0.255 -fp 0.000074 -o result/withISAnoVAF -w 0 -kmax 2 -time 86400"
NUM_CELLS(ROWS): 100
NUM_MUTATIONS(COLUMNS): 40
FN_WEIGHT: 0.255
FP_WEIGHT: 7.4e-05
COLUMN_ELIMINATION_WEIGHT: 0.0
NUM_THREADS: 1
MODEL_SOLVING_TIME_SECONDS: 5882.084
RUNNING_TIME_SECONDS: 5918.858
IS_CONFLICT_FREE: YES
LIKELIHOOD: -809.421096641
MIP_Gap_Value: 0.000000
DOUBLET_AWARE: False
TOTAL_FLIPS_REPORTED: 904
0_1_FLIPS_REPORTED: 329
1_0_FLIPS_REPORTED: 0
2_0_FLIPS_REPORTED: 311
2_1_FLIPS_REPORTED: 264
MUTATIONS_REMOVED_UPPER_BOUND: 2
MUTATIONS_REMOVED_NUM: 2
MUTATIONS_REMOVED_ID: mut0,mut7
