COMMAND: "src/ilp_doubletAware.py -SCFile data/simNo_6-n_100-m_40-s_4-minVAF_0.05-cov_10000-k_2-fn_0.15-fp_0.0001-na_0.15.SCnoisy -fn 0.147 -fp 0.000099 -o result/withISAnoVAF -w 0 -kmax 2 -time 86400"
NUM_CELLS(ROWS): 100
NUM_MUTATIONS(COLUMNS): 40
FN_WEIGHT: 0.147
FP_WEIGHT: 9.9e-05
COLUMN_ELIMINATION_WEIGHT: 0.0
NUM_THREADS: 1
MODEL_SOLVING_TIME_SECONDS: 1050.824
RUNNING_TIME_SECONDS: 1089.669
IS_CONFLICT_FREE: YES
LIKELIHOOD: -631.886512267
MIP_Gap_Value: 0.000000
DOUBLET_AWARE: False
TOTAL_FLIPS_REPORTED: 773
0_1_FLIPS_REPORTED: 208
1_0_FLIPS_REPORTED: 0
2_0_FLIPS_REPORTED: 268
2_1_FLIPS_REPORTED: 297
MUTATIONS_REMOVED_UPPER_BOUND: 2
MUTATIONS_REMOVED_NUM: 2
MUTATIONS_REMOVED_ID: mut0,mut11
