COMMAND: "src/ilp_doubletAware.py -SCFile data/simNo_9-n_100-m_40-s_7-minVAF_0.05-cov_10000-k_2-fn_0.15-fp_0.0001-na_0.15.SCnoisy -fn 0.141 -fp 0.000083 -o result/withISAnoVAF -w 0 -kmax 2 -time 86400"
NUM_CELLS(ROWS): 100
NUM_MUTATIONS(COLUMNS): 40
FN_WEIGHT: 0.141
FP_WEIGHT: 8.3e-05
COLUMN_ELIMINATION_WEIGHT: 0.0
NUM_THREADS: 1
MODEL_SOLVING_TIME_SECONDS: 152.726
RUNNING_TIME_SECONDS: 186.312
IS_CONFLICT_FREE: YES
LIKELIHOOD: -249.899601689
MIP_Gap_Value: 0.000000
DOUBLET_AWARE: False
TOTAL_FLIPS_REPORTED: 639
0_1_FLIPS_REPORTED: 72
1_0_FLIPS_REPORTED: 1
2_0_FLIPS_REPORTED: 444
2_1_FLIPS_REPORTED: 122
MUTATIONS_REMOVED_UPPER_BOUND: 2
MUTATIONS_REMOVED_NUM: 2
MUTATIONS_REMOVED_ID: mut3,mut4
