COMMAND: "src/ilp_doubletAware.py -SCFile data/simNo_6-n_100-m_40-s_7-minVAF_0.05-cov_10000-k_0-fn_0.05-fp_0.0001-na_0.15.SCnoisy -fn 0.045 -fp 0.000092 -o result/withISAnoVAF -w 0 -kmax 0 -time 86400"
NUM_CELLS(ROWS): 100
NUM_MUTATIONS(COLUMNS): 40
FN_WEIGHT: 0.045
FP_WEIGHT: 9.2e-05
COLUMN_ELIMINATION_WEIGHT: 0.0
NUM_THREADS: 1
MODEL_SOLVING_TIME_SECONDS: 106.106
RUNNING_TIME_SECONDS: 142.410
IS_CONFLICT_FREE: YES
LIKELIHOOD: -220.383331073
MIP_Gap_Value: 0.000000
DOUBLET_AWARE: False
TOTAL_FLIPS_REPORTED: 652
0_1_FLIPS_REPORTED: 52
1_0_FLIPS_REPORTED: 0
2_0_FLIPS_REPORTED: 368
2_1_FLIPS_REPORTED: 232
MUTATIONS_REMOVED_UPPER_BOUND: 0
MUTATIONS_REMOVED_NUM: 0
MUTATIONS_REMOVED_ID: 
