COMMAND: "src/ilp_doubletAware.py -SCFile data/simNo_3-n_100-m_40-s_7-minVAF_0.05-cov_10000-k_0-fn_0.05-fp_0.0001-na_0.15.SCnoisy -fn 0.045 -fp 0.000101 -o result/withISAnoVAF -w 0 -kmax 0 -time 86400"
NUM_CELLS(ROWS): 100
NUM_MUTATIONS(COLUMNS): 40
FN_WEIGHT: 0.045
FP_WEIGHT: 0.000101
COLUMN_ELIMINATION_WEIGHT: 0.0
NUM_THREADS: 1
MODEL_SOLVING_TIME_SECONDS: 45.180
RUNNING_TIME_SECONDS: 76.256
IS_CONFLICT_FREE: YES
LIKELIHOOD: -161.75813369
MIP_Gap_Value: 0.000000
DOUBLET_AWARE: False
TOTAL_FLIPS_REPORTED: 637
0_1_FLIPS_REPORTED: 37
1_0_FLIPS_REPORTED: 0
2_0_FLIPS_REPORTED: 427
2_1_FLIPS_REPORTED: 173
MUTATIONS_REMOVED_UPPER_BOUND: 0
MUTATIONS_REMOVED_NUM: 0
MUTATIONS_REMOVED_ID: 
