COMMAND: "src/ilp_doubletAware.py -SCFile data/simNo_10-n_100-m_40-s_7-minVAF_0.05-cov_10000-k_2-fn_0.25-fp_0.0001-na_0.15.SCnoisy -fn 0.277 -fp 0.000116 -o result/withISAnoVAF -w 0 -kmax 2 -time 86400"
NUM_CELLS(ROWS): 100
NUM_MUTATIONS(COLUMNS): 40
FN_WEIGHT: 0.277
FP_WEIGHT: 0.000116
COLUMN_ELIMINATION_WEIGHT: 0.0
NUM_THREADS: 1
MODEL_SOLVING_TIME_SECONDS: 168.011
RUNNING_TIME_SECONDS: 202.598
IS_CONFLICT_FREE: YES
LIKELIHOOD: -373.372249941
MIP_Gap_Value: 0.000000
DOUBLET_AWARE: False
TOTAL_FLIPS_REPORTED: 710
0_1_FLIPS_REPORTED: 135
1_0_FLIPS_REPORTED: 1
2_0_FLIPS_REPORTED: 439
2_1_FLIPS_REPORTED: 135
MUTATIONS_REMOVED_UPPER_BOUND: 2
MUTATIONS_REMOVED_NUM: 2
MUTATIONS_REMOVED_ID: mut1,mut14
