COMMAND: "src/ilp_doubletAware.py -SCFile data/simNo_5-n_100-m_40-s_7-minVAF_0.05-cov_10000-k_1-fn_0.10-fp_0.0001-na_0.15.SCnoisy -fn 0.095 -fp 0.000120 -o result/withISAnoVAF -w 0 -kmax 1 -time 86400"
NUM_CELLS(ROWS): 100
NUM_MUTATIONS(COLUMNS): 40
FN_WEIGHT: 0.095
FP_WEIGHT: 0.00012
COLUMN_ELIMINATION_WEIGHT: 0.0
NUM_THREADS: 1
MODEL_SOLVING_TIME_SECONDS: 112.407
RUNNING_TIME_SECONDS: 145.901
IS_CONFLICT_FREE: YES
LIKELIHOOD: -199.683693924
MIP_Gap_Value: 0.000000
DOUBLET_AWARE: False
TOTAL_FLIPS_REPORTED: 640
0_1_FLIPS_REPORTED: 54
1_0_FLIPS_REPORTED: 0
2_0_FLIPS_REPORTED: 470
2_1_FLIPS_REPORTED: 116
MUTATIONS_REMOVED_UPPER_BOUND: 1
MUTATIONS_REMOVED_NUM: 1
MUTATIONS_REMOVED_ID: mut0
