COMMAND: "src/ilp_doubletAware.py -SCFile data/simNo_3-n_100-m_40-s_7-minVAF_0.05-cov_10000-k_1-fn_0.10-fp_0.0001-na_0.15.SCnoisy -fn 0.096 -fp 0.000097 -o result/withISAnoVAF -w 0 -kmax 1 -time 86400"
NUM_CELLS(ROWS): 100
NUM_MUTATIONS(COLUMNS): 40
FN_WEIGHT: 0.096
FP_WEIGHT: 9.7e-05
COLUMN_ELIMINATION_WEIGHT: 0.0
NUM_THREADS: 1
MODEL_SOLVING_TIME_SECONDS: 482.785
RUNNING_TIME_SECONDS: 518.805
IS_CONFLICT_FREE: YES
LIKELIHOOD: -291.865382381
MIP_Gap_Value: 0.000000
DOUBLET_AWARE: False
TOTAL_FLIPS_REPORTED: 673
0_1_FLIPS_REPORTED: 81
1_0_FLIPS_REPORTED: 0
2_0_FLIPS_REPORTED: 403
2_1_FLIPS_REPORTED: 189
MUTATIONS_REMOVED_UPPER_BOUND: 1
MUTATIONS_REMOVED_NUM: 1
MUTATIONS_REMOVED_ID: mut0
