COMMAND: "src/ilp_doubletAware.py -SCFile data/simNo_10-n_100-m_40-s_4-minVAF_0.05-cov_10000-k_0-fn_0.10-fp_0.0001-na_0.15.SCnoisy -fn 0.081 -fp 0.000096 -o result/withISAnoVAF -w 0 -kmax 0 -time 86400"
NUM_CELLS(ROWS): 100
NUM_MUTATIONS(COLUMNS): 40
FN_WEIGHT: 0.081
FP_WEIGHT: 9.6e-05
COLUMN_ELIMINATION_WEIGHT: 0.0
NUM_THREADS: 1
MODEL_SOLVING_TIME_SECONDS: 998.849
RUNNING_TIME_SECONDS: 1033.143
IS_CONFLICT_FREE: YES
LIKELIHOOD: -571.964121135
MIP_Gap_Value: 0.000000
DOUBLET_AWARE: False
TOTAL_FLIPS_REPORTED: 763
0_1_FLIPS_REPORTED: 162
1_0_FLIPS_REPORTED: 1
2_0_FLIPS_REPORTED: 271
2_1_FLIPS_REPORTED: 329
MUTATIONS_REMOVED_UPPER_BOUND: 0
MUTATIONS_REMOVED_NUM: 0
MUTATIONS_REMOVED_ID: 
