COMMAND: "src/ilp_doubletAware.py -SCFile data/simNo_2-n_100-m_40-s_10-minVAF_0.05-cov_10000-k_1-fn_0.10-fp_0.0001-na_0.15.SCnoisy -fn 0.093 -fp 0.000093 -o result/withISAnoVAF -w 0 -kmax 1 -time 86400"
NUM_CELLS(ROWS): 100
NUM_MUTATIONS(COLUMNS): 40
FN_WEIGHT: 0.093
FP_WEIGHT: 9.3e-05
COLUMN_ELIMINATION_WEIGHT: 0.0
NUM_THREADS: 1
MODEL_SOLVING_TIME_SECONDS: 45.068
RUNNING_TIME_SECONDS: 81.835
IS_CONFLICT_FREE: YES
LIKELIHOOD: -206.410958366
MIP_Gap_Value: 0.000000
DOUBLET_AWARE: False
TOTAL_FLIPS_REPORTED: 636
0_1_FLIPS_REPORTED: 52
1_0_FLIPS_REPORTED: 0
2_0_FLIPS_REPORTED: 447
2_1_FLIPS_REPORTED: 137
MUTATIONS_REMOVED_UPPER_BOUND: 1
MUTATIONS_REMOVED_NUM: 1
MUTATIONS_REMOVED_ID: mut3
