COMMAND: "src/ilp_doubletAware.py -SCFile data/simNo_1-n_100-m_40-s_4-minVAF_0.05-cov_10000-k_0-fn_0.25-fp_0.0001-na_0.15.SCnoisy -fn 0.250 -fp 0.000103 -o result/withISAnoVAF -w 0 -kmax 0 -time 86400"
NUM_CELLS(ROWS): 100
NUM_MUTATIONS(COLUMNS): 40
FN_WEIGHT: 0.25
FP_WEIGHT: 0.000103
COLUMN_ELIMINATION_WEIGHT: 0.0
NUM_THREADS: 1
MODEL_SOLVING_TIME_SECONDS: 86401.340
RUNNING_TIME_SECONDS: 86439.361
IS_CONFLICT_FREE: YES
LIKELIHOOD: -1125.06660142
MIP_Gap_Value: 0.014784
DOUBLET_AWARE: False
TOTAL_FLIPS_REPORTED: 1084
0_1_FLIPS_REPORTED: 484
1_0_FLIPS_REPORTED: 0
2_0_FLIPS_REPORTED: 240
2_1_FLIPS_REPORTED: 360
MUTATIONS_REMOVED_UPPER_BOUND: 0
MUTATIONS_REMOVED_NUM: 0
MUTATIONS_REMOVED_ID: 
