COMMAND: "src/ilp_doubletAware.py -SCFile data/simNo_1-n_100-m_40-s_7-minVAF_0.05-cov_10000-k_0-fn_0.25-fp_0.0001-na_0.15.SCnoisy -fn 0.302 -fp 0.000085 -o result/withISAnoVAF -w 0 -kmax 0 -time 86400"
NUM_CELLS(ROWS): 100
NUM_MUTATIONS(COLUMNS): 40
FN_WEIGHT: 0.302
FP_WEIGHT: 8.5e-05
COLUMN_ELIMINATION_WEIGHT: 0.0
NUM_THREADS: 1
MODEL_SOLVING_TIME_SECONDS: 253.547
RUNNING_TIME_SECONDS: 289.680
IS_CONFLICT_FREE: YES
LIKELIHOOD: -1007.46821962
MIP_Gap_Value: 0.000000
DOUBLET_AWARE: False
TOTAL_FLIPS_REPORTED: 1021
0_1_FLIPS_REPORTED: 420
1_0_FLIPS_REPORTED: 1
2_0_FLIPS_REPORTED: 264
2_1_FLIPS_REPORTED: 336
MUTATIONS_REMOVED_UPPER_BOUND: 0
MUTATIONS_REMOVED_NUM: 0
MUTATIONS_REMOVED_ID: 
