COMMAND: "src/ilp_doubletAware.py -SCFile data/simNo_2-n_100-m_40-s_7-minVAF_0.05-cov_10000-k_0-fn_0.15-fp_0.0001-na_0.15.SCnoisy -fn 0.177 -fp 0.000100 -o result/withISAnoVAF -w 0 -kmax 0 -time 86400"
NUM_CELLS(ROWS): 100
NUM_MUTATIONS(COLUMNS): 40
FN_WEIGHT: 0.177
FP_WEIGHT: 0.0001
COLUMN_ELIMINATION_WEIGHT: 0.0
NUM_THREADS: 1
MODEL_SOLVING_TIME_SECONDS: 56.857
RUNNING_TIME_SECONDS: 91.821
IS_CONFLICT_FREE: YES
LIKELIHOOD: -461.418638238
MIP_Gap_Value: 0.000000
DOUBLET_AWARE: False
TOTAL_FLIPS_REPORTED: 739
0_1_FLIPS_REPORTED: 139
1_0_FLIPS_REPORTED: 0
2_0_FLIPS_REPORTED: 388
2_1_FLIPS_REPORTED: 212
MUTATIONS_REMOVED_UPPER_BOUND: 0
MUTATIONS_REMOVED_NUM: 0
MUTATIONS_REMOVED_ID: 
