COMMAND: "src/ilp_doubletAware.py -SCFile data/simNo_2-n_100-m_40-s_4-minVAF_0.05-cov_10000-k_2-fn_0.25-fp_0.0001-na_0.15.SCnoisy -fn 0.247 -fp 0.000112 -o result/withISAnoVAF -w 0 -kmax 2 -time 86400"
NUM_CELLS(ROWS): 100
NUM_MUTATIONS(COLUMNS): 40
FN_WEIGHT: 0.247
FP_WEIGHT: 0.000112
COLUMN_ELIMINATION_WEIGHT: 0.0
NUM_THREADS: 1
MODEL_SOLVING_TIME_SECONDS: 86400.931
RUNNING_TIME_SECONDS: 86434.283
IS_CONFLICT_FREE: YES
LIKELIHOOD: -1252.98132546
MIP_Gap_Value: 0.008075
DOUBLET_AWARE: False
TOTAL_FLIPS_REPORTED: 1114
0_1_FLIPS_REPORTED: 546
1_0_FLIPS_REPORTED: 0
2_0_FLIPS_REPORTED: 172
2_1_FLIPS_REPORTED: 396
MUTATIONS_REMOVED_UPPER_BOUND: 2
MUTATIONS_REMOVED_NUM: 2
MUTATIONS_REMOVED_ID: mut1,mut8
