COMMAND: "src/ilp_doubletAware.py -SCFile data/simNo_5-n_100-m_40-s_10-minVAF_0.05-cov_10000-k_2-fn_0.10-fp_0.0001-na_0.15.SCnoisy -fn 0.082 -fp 0.000104 -o result/withISAnoVAF -w 0 -kmax 2 -time 86400"
NUM_CELLS(ROWS): 100
NUM_MUTATIONS(COLUMNS): 40
FN_WEIGHT: 0.082
FP_WEIGHT: 0.000104
COLUMN_ELIMINATION_WEIGHT: 0.0
NUM_THREADS: 1
MODEL_SOLVING_TIME_SECONDS: 31.246
RUNNING_TIME_SECONDS: 66.661
IS_CONFLICT_FREE: YES
LIKELIHOOD: -200.67709019
MIP_Gap_Value: 0.000000
DOUBLET_AWARE: False
TOTAL_FLIPS_REPORTED: 630
0_1_FLIPS_REPORTED: 53
1_0_FLIPS_REPORTED: 1
2_0_FLIPS_REPORTED: 472
2_1_FLIPS_REPORTED: 104
MUTATIONS_REMOVED_UPPER_BOUND: 2
MUTATIONS_REMOVED_NUM: 2
MUTATIONS_REMOVED_ID: mut2,mut12
