COMMAND: "src/ilp_doubletAware.py -SCFile data/simNo_3-n_100-m_40-s_4-minVAF_0.05-cov_10000-k_2-fn_0.25-fp_0.0001-na_0.15.SCnoisy -fn 0.281 -fp 0.000119 -o result/withISAnoVAF -w 0 -kmax 2 -time 86400"
NUM_CELLS(ROWS): 100
NUM_MUTATIONS(COLUMNS): 40
FN_WEIGHT: 0.281
FP_WEIGHT: 0.000119
COLUMN_ELIMINATION_WEIGHT: 0.0
NUM_THREADS: 1
MODEL_SOLVING_TIME_SECONDS: 56216.408
RUNNING_TIME_SECONDS: 56248.556
IS_CONFLICT_FREE: YES
LIKELIHOOD: -798.83755273
MIP_Gap_Value: 0.000089
DOUBLET_AWARE: False
TOTAL_FLIPS_REPORTED: 890
0_1_FLIPS_REPORTED: 323
1_0_FLIPS_REPORTED: 0
2_0_FLIPS_REPORTED: 308
2_1_FLIPS_REPORTED: 259
MUTATIONS_REMOVED_UPPER_BOUND: 2
MUTATIONS_REMOVED_NUM: 2
MUTATIONS_REMOVED_ID: mut3,mut12
