COMMAND: "src/ilp_doubletAware.py -SCFile data/simNo_10-n_100-m_40-s_4-minVAF_0.05-cov_10000-k_0-fn_0.25-fp_0.0001-na_0.15.SCnoisy -fn 0.271 -fp 0.000122 -o result/withISAnoVAF -w 0 -kmax 0 -time 86400"
NUM_CELLS(ROWS): 100
NUM_MUTATIONS(COLUMNS): 40
FN_WEIGHT: 0.271
FP_WEIGHT: 0.000122
COLUMN_ELIMINATION_WEIGHT: 0.0
NUM_THREADS: 1
MODEL_SOLVING_TIME_SECONDS: 12659.967
RUNNING_TIME_SECONDS: 12694.076
IS_CONFLICT_FREE: YES
LIKELIHOOD: -1029.7288913
MIP_Gap_Value: 0.000055
DOUBLET_AWARE: False
TOTAL_FLIPS_REPORTED: 1015
0_1_FLIPS_REPORTED: 415
1_0_FLIPS_REPORTED: 0
2_0_FLIPS_REPORTED: 263
2_1_FLIPS_REPORTED: 337
MUTATIONS_REMOVED_UPPER_BOUND: 0
MUTATIONS_REMOVED_NUM: 0
MUTATIONS_REMOVED_ID: 
