COMMAND: "src/ilp_doubletAware.py -SCFile data/simNo_5-n_100-m_40-s_7-minVAF_0.05-cov_10000-k_1-fn_0.05-fp_0.0001-na_0.15.SCnoisy -fn 0.047 -fp 0.000094 -o result/withISAnoVAF -w 0 -kmax 1 -time 86400"
NUM_CELLS(ROWS): 100
NUM_MUTATIONS(COLUMNS): 40
FN_WEIGHT: 0.047
FP_WEIGHT: 9.4e-05
COLUMN_ELIMINATION_WEIGHT: 0.0
NUM_THREADS: 1
MODEL_SOLVING_TIME_SECONDS: 36.956
RUNNING_TIME_SECONDS: 73.454
IS_CONFLICT_FREE: YES
LIKELIHOOD: -105.00467237
MIP_Gap_Value: 0.000000
DOUBLET_AWARE: False
TOTAL_FLIPS_REPORTED: 611
0_1_FLIPS_REPORTED: 22
1_0_FLIPS_REPORTED: 0
2_0_FLIPS_REPORTED: 469
2_1_FLIPS_REPORTED: 120
MUTATIONS_REMOVED_UPPER_BOUND: 1
MUTATIONS_REMOVED_NUM: 1
MUTATIONS_REMOVED_ID: mut4
