COMMAND: "src/ilp_doubletAware.py -SCFile data/simNo_10-n_100-m_40-s_4-minVAF_0.05-cov_10000-k_0-fn_0.05-fp_0.0001-na_0.15.SCnoisy -fn 0.054 -fp 0.000086 -o result/withISAnoVAF -w 0 -kmax 0 -time 86400"
NUM_CELLS(ROWS): 100
NUM_MUTATIONS(COLUMNS): 40
FN_WEIGHT: 0.054
FP_WEIGHT: 8.6e-05
COLUMN_ELIMINATION_WEIGHT: 0.0
NUM_THREADS: 1
MODEL_SOLVING_TIME_SECONDS: 218.578
RUNNING_TIME_SECONDS: 251.783
IS_CONFLICT_FREE: YES
LIKELIHOOD: -372.20119094
MIP_Gap_Value: 0.000000
DOUBLET_AWARE: False
TOTAL_FLIPS_REPORTED: 691
0_1_FLIPS_REPORTED: 91
1_0_FLIPS_REPORTED: 0
2_0_FLIPS_REPORTED: 256
2_1_FLIPS_REPORTED: 344
MUTATIONS_REMOVED_UPPER_BOUND: 0
MUTATIONS_REMOVED_NUM: 0
MUTATIONS_REMOVED_ID: 
