COMMAND: "src/ilp_doubletAware.py -SCFile data/simNo_6-n_100-m_40-s_10-minVAF_0.05-cov_10000-k_2-fn_0.10-fp_0.0001-na_0.15.SCnoisy -fn 0.104 -fp 0.000115 -o result/withISAnoVAF -w 0 -kmax 2 -time 86400"
NUM_CELLS(ROWS): 100
NUM_MUTATIONS(COLUMNS): 40
FN_WEIGHT: 0.104
FP_WEIGHT: 0.000115
COLUMN_ELIMINATION_WEIGHT: 0.0
NUM_THREADS: 1
MODEL_SOLVING_TIME_SECONDS: 30.225
RUNNING_TIME_SECONDS: 64.761
IS_CONFLICT_FREE: YES
LIKELIHOOD: -332.99039927
MIP_Gap_Value: 0.000000
DOUBLET_AWARE: False
TOTAL_FLIPS_REPORTED: 659
0_1_FLIPS_REPORTED: 92
1_0_FLIPS_REPORTED: 0
2_0_FLIPS_REPORTED: 353
2_1_FLIPS_REPORTED: 214
MUTATIONS_REMOVED_UPPER_BOUND: 2
MUTATIONS_REMOVED_NUM: 2
MUTATIONS_REMOVED_ID: mut1,mut25
