COMMAND: "src/ilp_doubletAware.py -SCFile data/simNo_8-n_100-m_40-s_7-minVAF_0.05-cov_10000-k_2-fn_0.10-fp_0.0001-na_0.15.SCnoisy -fn 0.102 -fp 0.000117 -o result/withISAnoVAF -w 0 -kmax 2 -time 86400"
NUM_CELLS(ROWS): 100
NUM_MUTATIONS(COLUMNS): 40
FN_WEIGHT: 0.102
FP_WEIGHT: 0.000117
COLUMN_ELIMINATION_WEIGHT: 0.0
NUM_THREADS: 1
MODEL_SOLVING_TIME_SECONDS: 96.016
RUNNING_TIME_SECONDS: 130.176
IS_CONFLICT_FREE: YES
LIKELIHOOD: -338.997229163
MIP_Gap_Value: 0.000000
DOUBLET_AWARE: False
TOTAL_FLIPS_REPORTED: 657
0_1_FLIPS_REPORTED: 91
1_0_FLIPS_REPORTED: 0
2_0_FLIPS_REPORTED: 339
2_1_FLIPS_REPORTED: 227
MUTATIONS_REMOVED_UPPER_BOUND: 2
MUTATIONS_REMOVED_NUM: 2
MUTATIONS_REMOVED_ID: mut19,mut33
