COMMAND: "src/ilp_doubletAware.py -SCFile data/simNo_5-n_100-m_40-s_4-minVAF_0.05-cov_10000-k_2-fn_0.25-fp_0.0001-na_0.15.SCnoisy -fn 0.226 -fp 0.000107 -o result/withISAnoVAF -w 0 -kmax 2 -time 86400"
NUM_CELLS(ROWS): 100
NUM_MUTATIONS(COLUMNS): 40
FN_WEIGHT: 0.226
FP_WEIGHT: 0.000107
COLUMN_ELIMINATION_WEIGHT: 0.0
NUM_THREADS: 1
MODEL_SOLVING_TIME_SECONDS: 4454.832
RUNNING_TIME_SECONDS: 4487.446
IS_CONFLICT_FREE: YES
LIKELIHOOD: -423.179942651
MIP_Gap_Value: 0.000059
DOUBLET_AWARE: False
TOTAL_FLIPS_REPORTED: 738
0_1_FLIPS_REPORTED: 165
1_0_FLIPS_REPORTED: 0
2_0_FLIPS_REPORTED: 417
2_1_FLIPS_REPORTED: 156
MUTATIONS_REMOVED_UPPER_BOUND: 2
MUTATIONS_REMOVED_NUM: 2
MUTATIONS_REMOVED_ID: mut2,mut37
