COMMAND: "src/ilp_doubletAware.py -SCFile data/simNo_7-n_100-m_40-s_4-minVAF_0.05-cov_10000-k_0-fn_0.05-fp_0.0001-na_0.15.SCnoisy -fn 0.046 -fp 0.000088 -o result/withISAnoVAF -w 0 -kmax 0 -time 86400"
NUM_CELLS(ROWS): 100
NUM_MUTATIONS(COLUMNS): 40
FN_WEIGHT: 0.046
FP_WEIGHT: 8.8e-05
COLUMN_ELIMINATION_WEIGHT: 0.0
NUM_THREADS: 1
MODEL_SOLVING_TIME_SECONDS: 176.884
RUNNING_TIME_SECONDS: 209.732
IS_CONFLICT_FREE: YES
LIKELIHOOD: -354.706939592
MIP_Gap_Value: 0.000000
DOUBLET_AWARE: False
TOTAL_FLIPS_REPORTED: 683
0_1_FLIPS_REPORTED: 83
1_0_FLIPS_REPORTED: 0
2_0_FLIPS_REPORTED: 228
2_1_FLIPS_REPORTED: 372
MUTATIONS_REMOVED_UPPER_BOUND: 0
MUTATIONS_REMOVED_NUM: 0
MUTATIONS_REMOVED_ID: 
