COMMAND: "src/ilp_doubletAware.py -SCFile data/simNo_8-n_100-m_40-s_10-minVAF_0.05-cov_10000-k_0-fn_0.05-fp_0.0001-na_0.15.SCnoisy -fn 0.051 -fp 0.000095 -o result/withISAnoVAF -w 0 -kmax 0 -time 86400"
NUM_CELLS(ROWS): 100
NUM_MUTATIONS(COLUMNS): 40
FN_WEIGHT: 0.051
FP_WEIGHT: 9.5e-05
COLUMN_ELIMINATION_WEIGHT: 0.0
NUM_THREADS: 1
MODEL_SOLVING_TIME_SECONDS: 30.078
RUNNING_TIME_SECONDS: 67.247
IS_CONFLICT_FREE: YES
LIKELIHOOD: -218.494709443
MIP_Gap_Value: 0.000000
DOUBLET_AWARE: False
TOTAL_FLIPS_REPORTED: 654
0_1_FLIPS_REPORTED: 54
1_0_FLIPS_REPORTED: 0
2_0_FLIPS_REPORTED: 408
2_1_FLIPS_REPORTED: 192
MUTATIONS_REMOVED_UPPER_BOUND: 0
MUTATIONS_REMOVED_NUM: 0
MUTATIONS_REMOVED_ID: 
