COMMAND: "src/ilp_doubletAware.py -SCFile data/simNo_7-n_100-m_40-s_10-minVAF_0.05-cov_10000-k_2-fn_0.10-fp_0.0001-na_0.15.SCnoisy -fn 0.094 -fp 0.000122 -o result/withISAnoVAF -w 0 -kmax 2 -time 86400"
NUM_CELLS(ROWS): 100
NUM_MUTATIONS(COLUMNS): 40
FN_WEIGHT: 0.094
FP_WEIGHT: 0.000122
COLUMN_ELIMINATION_WEIGHT: 0.0
NUM_THREADS: 1
MODEL_SOLVING_TIME_SECONDS: 355.231
RUNNING_TIME_SECONDS: 389.710
IS_CONFLICT_FREE: YES
LIKELIHOOD: -304.422000926
MIP_Gap_Value: 0.000000
DOUBLET_AWARE: False
TOTAL_FLIPS_REPORTED: 657
0_1_FLIPS_REPORTED: 80
1_0_FLIPS_REPORTED: 3
2_0_FLIPS_REPORTED: 387
2_1_FLIPS_REPORTED: 187
MUTATIONS_REMOVED_UPPER_BOUND: 2
MUTATIONS_REMOVED_NUM: 2
MUTATIONS_REMOVED_ID: mut0,mut1
