COMMAND: "src/ilp_doubletAware.py -SCFile data/simNo_4-n_100-m_40-s_4-minVAF_0.05-cov_10000-k_2-fn_0.10-fp_0.0001-na_0.15.SCnoisy -fn 0.079 -fp 0.000100 -o result/withISAnoVAF -w 0 -kmax 2 -time 86400"
NUM_CELLS(ROWS): 100
NUM_MUTATIONS(COLUMNS): 40
FN_WEIGHT: 0.079
FP_WEIGHT: 0.0001
COLUMN_ELIMINATION_WEIGHT: 0.0
NUM_THREADS: 1
MODEL_SOLVING_TIME_SECONDS: 4109.175
RUNNING_TIME_SECONDS: 4143.121
IS_CONFLICT_FREE: YES
LIKELIHOOD: -664.004170205
MIP_Gap_Value: 0.000000
DOUBLET_AWARE: False
TOTAL_FLIPS_REPORTED: 776
0_1_FLIPS_REPORTED: 197
1_0_FLIPS_REPORTED: 1
2_0_FLIPS_REPORTED: 213
2_1_FLIPS_REPORTED: 365
MUTATIONS_REMOVED_UPPER_BOUND: 2
MUTATIONS_REMOVED_NUM: 2
MUTATIONS_REMOVED_ID: mut4,mut5
