COMMAND: "src/ilp_doubletAware.py -SCFile data/simNo_3-n_100-m_40-s_10-minVAF_0.05-cov_10000-k_2-fn_0.25-fp_0.0001-na_0.15.SCnoisy -fn 0.220 -fp 0.000108 -o result/withISAnoVAF -w 0 -kmax 2 -time 86400"
NUM_CELLS(ROWS): 100
NUM_MUTATIONS(COLUMNS): 40
FN_WEIGHT: 0.22
FP_WEIGHT: 0.000108
COLUMN_ELIMINATION_WEIGHT: 0.0
NUM_THREADS: 1
MODEL_SOLVING_TIME_SECONDS: 107.516
RUNNING_TIME_SECONDS: 146.778
IS_CONFLICT_FREE: YES
LIKELIHOOD: -551.448458118
MIP_Gap_Value: 0.000000
DOUBLET_AWARE: False
TOTAL_FLIPS_REPORTED: 792
0_1_FLIPS_REPORTED: 215
1_0_FLIPS_REPORTED: 3
2_0_FLIPS_REPORTED: 415
2_1_FLIPS_REPORTED: 159
MUTATIONS_REMOVED_UPPER_BOUND: 2
MUTATIONS_REMOVED_NUM: 2
MUTATIONS_REMOVED_ID: mut1,mut2
