COMMAND: "src/ilp_doubletAware.py -SCFile data/simNo_5-n_100-m_40-s_10-minVAF_0.05-cov_10000-k_1-fn_0.05-fp_0.0001-na_0.15.SCnoisy -fn 0.056 -fp 0.000085 -o result/withISAnoVAF -w 0 -kmax 1 -time 86400"
NUM_CELLS(ROWS): 100
NUM_MUTATIONS(COLUMNS): 40
FN_WEIGHT: 0.056
FP_WEIGHT: 8.5e-05
COLUMN_ELIMINATION_WEIGHT: 0.0
NUM_THREADS: 1
MODEL_SOLVING_TIME_SECONDS: 19.085
RUNNING_TIME_SECONDS: 54.911
IS_CONFLICT_FREE: YES
LIKELIHOOD: -132.440942221
MIP_Gap_Value: 0.000000
DOUBLET_AWARE: False
TOTAL_FLIPS_REPORTED: 620
0_1_FLIPS_REPORTED: 30
1_0_FLIPS_REPORTED: 0
2_0_FLIPS_REPORTED: 469
2_1_FLIPS_REPORTED: 121
MUTATIONS_REMOVED_UPPER_BOUND: 1
MUTATIONS_REMOVED_NUM: 1
MUTATIONS_REMOVED_ID: mut4
