COMMAND: "src/ilp_doubletAware.py -SCFile data/simNo_1-n_100-m_40-s_4-minVAF_0.05-cov_10000-k_2-fn_0.25-fp_0.0001-na_0.15.SCnoisy -fn 0.273 -fp 0.000090 -o result/withISAnoVAF100hrs -w 0 -kmax 2 -time 360000"
NUM_CELLS(ROWS): 100
NUM_MUTATIONS(COLUMNS): 40
FN_WEIGHT: 0.273
FP_WEIGHT: 9e-05
COLUMN_ELIMINATION_WEIGHT: 0.0
NUM_THREADS: 1
MODEL_SOLVING_TIME_SECONDS: 85196.878
RUNNING_TIME_SECONDS: 85223.346
IS_CONFLICT_FREE: YES
LIKELIHOOD: -1074.0603908
MIP_Gap_Value: 0.000072
DOUBLET_AWARE: False
TOTAL_FLIPS_REPORTED: 1022
0_1_FLIPS_REPORTED: 450
1_0_FLIPS_REPORTED: 0
2_0_FLIPS_REPORTED: 231
2_1_FLIPS_REPORTED: 341
MUTATIONS_REMOVED_UPPER_BOUND: 2
MUTATIONS_REMOVED_NUM: 2
MUTATIONS_REMOVED_ID: mut8,mut18
