COMMAND: "src/ilp_doubletAware.py -SCFile data/simNo_6-n_100-m_40-s_4-minVAF_0.05-cov_10000-k_1-fn_0.25-fp_0.0001-na_0.15.SCnoisy -fn 0.235 -fp 0.000089 -o result/ilpepgap -w 0 -kmax 1 -bulkFile data/simNo_6-n_100-m_40-s_4-minVAF_0.05-cov_10000-k_1.bulk -delta 0.05 -time 360000"
NUM_CELLS(ROWS): 100
NUM_MUTATIONS(COLUMNS): 40
FN_WEIGHT: 0.235
FP_WEIGHT: 8.9e-05
COLUMN_ELIMINATION_WEIGHT: 0.0
NUM_THREADS: 1
MODEL_SOLVING_TIME_SECONDS: 360001.462
RUNNING_TIME_SECONDS: 360029.365
IS_CONFLICT_FREE: YES
LIKELIHOOD: -950.724617522
MIP_Gap_Value: 0.006488
DOUBLET_AWARE: False
TOTAL_FLIPS_REPORTED: 1011
0_1_FLIPS_REPORTED: 420
1_0_FLIPS_REPORTED: 0
2_0_FLIPS_REPORTED: 306
2_1_FLIPS_REPORTED: 285
MUTATIONS_REMOVED_UPPER_BOUND: 1
MUTATIONS_REMOVED_NUM: 1
MUTATIONS_REMOVED_ID: mut6
