COMMAND: "src/ilp_doubletAware.py -SCFile data/simNo_1-n_100-m_40-s_4-minVAF_0.05-cov_10000-k_2-fn_0.25-fp_0.0001-na_0.15.SCnoisy -fn 0.273 -fp 0.000090 -o result/ilpepgap -w 0 -kmax 2 -bulkFile data/simNo_1-n_100-m_40-s_4-minVAF_0.05-cov_10000-k_2.bulk -delta 0.05 -time 360000"
NUM_CELLS(ROWS): 100
NUM_MUTATIONS(COLUMNS): 40
FN_WEIGHT: 0.273
FP_WEIGHT: 9e-05
COLUMN_ELIMINATION_WEIGHT: 0.0
NUM_THREADS: 1
MODEL_SOLVING_TIME_SECONDS: 360001.120
RUNNING_TIME_SECONDS: 360027.215
IS_CONFLICT_FREE: YES
LIKELIHOOD: -1102.20895636
MIP_Gap_Value: 0.032950
DOUBLET_AWARE: False
TOTAL_FLIPS_REPORTED: 1040
0_1_FLIPS_REPORTED: 468
1_0_FLIPS_REPORTED: 0
2_0_FLIPS_REPORTED: 218
2_1_FLIPS_REPORTED: 354
MUTATIONS_REMOVED_UPPER_BOUND: 2
MUTATIONS_REMOVED_NUM: 2
MUTATIONS_REMOVED_ID: mut35,mut38
