COMMAND: "src/ilp_doubletAware.py -SCFile data/simNo_10-n_100-m_40-s_4-minVAF_0.05-cov_10000-k_0-fn_0.25-fp_0.0001-na_0.15.SCnoisy -fn 0.271 -fp 0.000122 -o result/ilpepgap0 -w 0 -kmax 0 -bulkFile data/simNo_10-n_100-m_40-s_4-minVAF_0.05-cov_10000-k_0.bulk -delta 0.05 -time 360000"
NUM_CELLS(ROWS): 100
NUM_MUTATIONS(COLUMNS): 40
FN_WEIGHT: 0.271
FP_WEIGHT: 0.000122
COLUMN_ELIMINATION_WEIGHT: 0.0
NUM_THREADS: 1
MODEL_SOLVING_TIME_SECONDS: 360000.646
RUNNING_TIME_SECONDS: 360022.181
IS_CONFLICT_FREE: YES
LIKELIHOOD: -1032.33992073
MIP_Gap_Value: 0.008973
DOUBLET_AWARE: False
TOTAL_FLIPS_REPORTED: 1017
0_1_FLIPS_REPORTED: 417
1_0_FLIPS_REPORTED: 0
2_0_FLIPS_REPORTED: 260
2_1_FLIPS_REPORTED: 340
MUTATIONS_REMOVED_UPPER_BOUND: 0
MUTATIONS_REMOVED_NUM: 0
MUTATIONS_REMOVED_ID: 
