COMMAND: "src/ilp_doubletAware.py -SCFile data/simNo_7-n_100-m_40-s_4-minVAF_0.05-cov_10000-k_2-fn_0.25-fp_0.0001-na_0.15.SCnoisy -fn 0.238 -fp 0.000104 -o result/ilpepgap -w 0 -kmax 2 -bulkFile data/simNo_7-n_100-m_40-s_4-minVAF_0.05-cov_10000-k_2.bulk -delta 0.05 -time 360000"
NUM_CELLS(ROWS): 100
NUM_MUTATIONS(COLUMNS): 40
FN_WEIGHT: 0.238
FP_WEIGHT: 0.000104
COLUMN_ELIMINATION_WEIGHT: 0.0
NUM_THREADS: 1
MODEL_SOLVING_TIME_SECONDS: 198856.763
RUNNING_TIME_SECONDS: 198886.730
IS_CONFLICT_FREE: YES
LIKELIHOOD: -1021.01018076
MIP_Gap_Value: 0.000000
DOUBLET_AWARE: False
TOTAL_FLIPS_REPORTED: 996
0_1_FLIPS_REPORTED: 420
1_0_FLIPS_REPORTED: 1
2_0_FLIPS_REPORTED: 241
2_1_FLIPS_REPORTED: 334
MUTATIONS_REMOVED_UPPER_BOUND: 2
MUTATIONS_REMOVED_NUM: 2
MUTATIONS_REMOVED_ID: mut5,mut6
