COMMAND: "src/ilp_doubletAware.py -SCFile data/simNo_3-n_100-m_40-s_4-minVAF_0.05-cov_10000-k_1-fn_0.15-fp_0.0001-na_0.15.SCnoisy -fn 0.146 -fp 0.000096 -o result/ilpepgap -w 0 -kmax 1 -bulkFile data/simNo_3-n_100-m_40-s_4-minVAF_0.05-cov_10000-k_1.bulk -delta 0.05 -time 360000"
NUM_CELLS(ROWS): 100
NUM_MUTATIONS(COLUMNS): 40
FN_WEIGHT: 0.146
FP_WEIGHT: 9.6e-05
COLUMN_ELIMINATION_WEIGHT: 0.0
NUM_THREADS: 1
MODEL_SOLVING_TIME_SECONDS: 360001.111
RUNNING_TIME_SECONDS: 360026.925
IS_CONFLICT_FREE: YES
LIKELIHOOD: -617.397029822
MIP_Gap_Value: 0.027649
DOUBLET_AWARE: False
TOTAL_FLIPS_REPORTED: 796
0_1_FLIPS_REPORTED: 208
1_0_FLIPS_REPORTED: 0
2_0_FLIPS_REPORTED: 315
2_1_FLIPS_REPORTED: 273
MUTATIONS_REMOVED_UPPER_BOUND: 1
MUTATIONS_REMOVED_NUM: 1
MUTATIONS_REMOVED_ID: mut28
