COMMAND: "src/ilp_doubletAware.py -SCFile data/simNo_10-n_100-m_40-s_4-minVAF_0.05-cov_10000-k_1-fn_0.25-fp_0.0001-na_0.15.SCnoisy -fn 0.220 -fp 0.000075 -o result/ilpepgap -w 0 -kmax 1 -bulkFile data/simNo_10-n_100-m_40-s_4-minVAF_0.05-cov_10000-k_1.bulk -delta 0.05 -time 360000"
NUM_CELLS(ROWS): 100
NUM_MUTATIONS(COLUMNS): 40
FN_WEIGHT: 0.22
FP_WEIGHT: 7.5e-05
COLUMN_ELIMINATION_WEIGHT: 0.0
NUM_THREADS: 1
MODEL_SOLVING_TIME_SECONDS: 360001.308
RUNNING_TIME_SECONDS: 360033.180
IS_CONFLICT_FREE: YES
LIKELIHOOD: -954.532291959
MIP_Gap_Value: 0.029429
DOUBLET_AWARE: False
TOTAL_FLIPS_REPORTED: 991
0_1_FLIPS_REPORTED: 397
1_0_FLIPS_REPORTED: 0
2_0_FLIPS_REPORTED: 277
2_1_FLIPS_REPORTED: 317
MUTATIONS_REMOVED_UPPER_BOUND: 1
MUTATIONS_REMOVED_NUM: 1
MUTATIONS_REMOVED_ID: mut1
